TMS340 COFF Macro Assembler Version 6.10     Sat Apr 10 02:19:33 2021
 Copyright (c) 1985-1991  Texas Instruments Incorporated 

                                                                     PAGE    1

       1                            .FILE   "NARCRAM.ASM"
       3                    
       4                    **************************************************************************
       5                    *                                                                        *
       6                    *       COPYRIGHT (C) 1988 WILLIAMS ELECTRONICS GAMES, INC.              *
       7                    *       ALL RIGHTS RESERVED.                                             *
       8                    *                                                                        *
       9                    **************************************************************************
      10                    
      11                            .OPTION B,D,L
      12                    
      13                            .INCLUDE        "\VIDEO\SYS.INC"
      14                            .INCLUDE        "\VIDEO\GSP.INC"
      15                            .INCLUDE        "\VIDEO\MPROCEQU.ASM"
      16                            .INCLUDE        "NARCEQU.ASM"           ;GET NARC EQUATES AND GLOBALS
      17                    
      18                    *
      19                    *GLOBALS IN THIS FILE
      20                            .GLOBAL TVPATCH,TVPATCHX
      21                            .GLOBAL GLASSCNT,BTIME,SCRLBIAS
      22                    
      23 00000000                   .SECT   "NFIXED"                        ;MISC. LIST FIXED AREA
      24 00000000 00000000  BBACTIVE        .LONG   0
      25 00000020 00000000  BBFREE          .LONG   0
      26                    *SUPPLEMENTAL LIST HEADERS (MAKE SURE YOU ZERO THESE IN MYOINIT)
      27 00000040 00000000  BACKSLST        .LONG   0
      28 00000060 00000000  PLAYER_BULLETS  .LONG   0
      29 00000080 00000000  ENEMY_BULLETS   .LONG   0                       
      30 000000a0 00000000  ENEMIES         .LONG   0
      31 000000c0 00000000  PLAYERS         .LONG   0
      32 000000e0 00000000  BOOTY           .LONG   0
      33 00000100 00000000  CARLIST         .LONG   0
      34 00000120 00000000  EXPLOSIONS      .LONG   0
      35 00000140                   .EVEN
      36 00000000                   .BSS    RAND,32         
      37 00000020                   .BSS    SWSTACK,32      ;SWITCH STACK   
      38 00000040                   .BSS    SWTEMP1,32
      39 00000060                   .BSS    SWTEMP2,32
      40 00000080                   .BSS    SWSTMN,256      ;BOTTOM OF STACK
      41 00000180                   .BSS    SWSTST,0        ;START SWITCH STACK
      42 00000180                   .BSS    PSWTMP1,16      ;SWITCH TEMP, FOR PLAYER SWITCH DEBOUNCING
      43 00000190                   .BSS    SYSCOPY,16      ;RAM COPY OF SYSCTRL LATCH
      44                    
      45 000001a0                   .BSS    INTSYNC0,16     ;HALF SCREEN INTERRUPT SYNCHRO.\ __ KEEP THESE
      46 000001b0                   .BSS    INTSYNC1,16     ;FULL SCREEN INTERRUPT SYNCHRO./    TOGETHER.
      47                    
      48 000001c0                   .BSS    PALRAM,0        ;PALETTE ALLOCATOR RAM
      49 000001c0                   .BSS    FPALRAM,PALRSIZ*NMFPAL  
      50 000003a0                   .BSS    BPALRAM,PALRSIZ*NMBPAL  
      51 000007c0                   .BSS    PTRRAM,PTRSIZ*NUMPTR
      52 00000bc0                   .BSS    CURPAL,16       ;CURRENT PALETTE FOR STUFOBJ TO USE
      53                    
      54 00000bd0                   .BSS    PIXQUEUE,PIXQESIZ*NUMPIXQE      ;PIXEL XFER RAM
      55 00003790                   .BSS    PIXQEND,0       ;END OF PIXEL QUEUE
      56 00003790                   .BSS    PIXQHEAD,32
TMS340 COFF Macro Assembler Version 6.10     Sat Apr 10 02:19:33 2021
 Copyright (c) 1985-1991  Texas Instruments Incorporated 

 <<< N  A  R  C  -- RAM DEFINITIONS >>>                              PAGE    2

      57 000037b0                   .BSS    PIXQTAIL,32
      58 000037d0                   .BSS    PIXQVAL,16      ;IF != 0, PIXEL QUEUE IS READY
      59                    
      60 000037e0                   .BSS    COLRTEMP,25*16  ;RAM COPY OF CYCLING COLORS
      61 00003970                   .BSS    COLRTEND,0      ;MARKER
      62                    
      63 00003970                   .BSS    SKYCOLOR,16     ;CURRENT FULL BRIGHTNESS SKY COLOR VALUE
      64 00003980                   .BSS    IRQSKYE,16      ;ACTUAL SKY COLOR (AUTOERASE)
      65                    
      66 00003990                   .BSS    PREVZ,32        ;Z VALUE OF LAST OBJECT INITIALIZED
      67 000039b0                   .BSS    BEATCNT,16      ;MUSIC BEAT COUNTER
      68                    
      69 000039c0                   .BSS    P1DATA,PDSIZE   ;PLAYER ONE DATA 
      70 00003da0                   .BSS    P2DATA,PDSIZE   ;PLAYER TWO DATA 
      71                    
      72 00004180                   .BSS    NRAMSTRT,0      ;START OF NARC RAM
      73 00004180                   .BSS    GAMSTATE,16     ;GAME STATE VARIABLE :  10 = INGAME
      74                                                    ;                       18 = ININTRO
      75                                                    ;                       20 = INPLAY
      76                                                    ;                       30 = INAMODE
      77                                                    ;                       40 = INDIAG
      78 00004190                   .BSS    PLAYPAGE,16     ;IF <> 0 ATTRACT PLAY "PAGE"
      79                    
      80 000041a0                   .BSS    GRAMSTRT,0      ;START OF GAME RAM
      81 000041a0                   .BSS    PLAYCAR,32      ;PTR TO PLAYER VEHICLE IF PLAYERS ARE DRIVING
      82 000041c0                   .BSS    PCZEROCT,16     ;PLAYER CAR ZERO VELOCITY COUNTER
      83 000041d0                   .BSS    PCBSNDF,16      ;PLAYER CAR BRAKE SOUND FLAG
      84 000041e0                   .BSS    PCRSNDF,16      ;PLAYER VEHICLE RUNNING SOUND
      85 000041f0                   .BSS    PCSPINH,16      ;PLAYER CAR SPIN ONE SHOT FLAG
      86 00004200                   .BSS    PCZEROY,16      ;PLAYER CHOPPER Y VELOCITY ZERO COUNT
      87                    
      88 00004210                   .BSS    P1CTRL,16       ;PHONY PRAYAH 1 CONTLLHOL
      89 00004220                   .BSS    P2CTRL,16       ;PHONY PRAYAH 1 CONTLLHOL
      90 00004230                   .BSS    PUPDATE,16      ;PLAYER CONTROL UPDATE FLAG IF = 1, DON'T UPDATE
      91                    
      92 00004240                   .BSS    NPLYRS,16       ;CURRENT NUMBER OF PLAYERS
      93 00004250                   .BSS    WAVE,16         ;CURRENT WAVE NUMBER
      94 00004260                   .BSS    CRIMENO,16      ;CRIME # GLOBAL
      95                    
      96 00004270                   .BSS    SOUNDSUP,16     ;IF<00H THEN NO SOUNDS SHALL BE MADE
      97                    
      98 00004280                   .BSS    GOALCARD,16     ;OBJECT I.D. OF GOAL "SAFE" CARD
      99 00004290                   .BSS    GOALDOOR,(2*INITSIZE)+16 ;2 * INIT TABLE + TERMINATOR.
     100                    
     101 00004520                   .BSS    LOOPWAVE,16     ;WAVE # TO GO TO ON BUYIN LOOP
     102 00004530                   .BSS    LOOPBACK,32     ;WAVE BACKGROUND TO INITIALIZE ON BUYIN LOOP
     103 00004550                   .BSS    LOOPDISP,32     ;WAVE DISPATCH ON BUYIN LOOP
     104                    
     105 00004570                   .BSS    SCRLBIAS,16     ;SCROLL BIAS FLAG 0 = RIGHT NZ = LEFT
     106                    
     107 00004580                   .BSS    BCCOUNT,16      ;# OF BUCKS THAT CAN BE COLD STARTED THIS WAVE
     108 00004590                   .BSS    DCCOUNT,16      ;# OF DRUG BAGS THAT CAN BE COLD STARTED THIS WAVE
     109                    
     110 000045a0                   .BSS    WRAMSTRT,0      ;START OF WAVE RAM
     111                    
TMS340 COFF Macro Assembler Version 6.10     Sat Apr 10 02:19:33 2021
 Copyright (c) 1985-1991  Texas Instruments Incorporated 

 <<< N  A  R  C  -- RAM DEFINITIONS >>>                              PAGE    3

     112 000045a0                   .BSS    WAVETIME,16     ;GLOBAL WAVE TIMER
     113 000045b0                   .BSS    BUYNOW,16       ;BUY IN WINDOW IS UP, STOP ALL SCROLLING
     114 000045c0                   .BSS    GLASSCNT,16     ;GLASS SHARDS THAT ARE ACTIVE
     115                    
     116 000045d0                   .BSS    DOPESYM,32      ;DOPE SYMBOL FOR THE STATUS AREA
     117                    
     118 000045f0                   .BSS    BAKBITS,32*128  ;BAK BLOCK ON SCREEN BITS
     119 000055f0                   .BSS    BAK2BITS,32*16  ;BAK2 BLOCK ON SCREEN BITS
     120 000057f0                   .BSS    BAKMODS,32      ;PRIMARY BACKGROUND MODULE LIST
     121 00005810                   .BSS    BAK2MODS,32     ;SECONDARY BACKGROUND MODULE LIST
     122                    
     123 00005830                   .BSS    BGNAME,32       ;PTR TO BACKGROUND NAME
     124 00005850                   .BSS    BGMUSIC,32      ;CURRENT TUNE
     125 00005870                   .BSS    BGINIT,32       ;CURRENT BACKGROUND INIT TABLE
     126 00005890                   .BSS    CARDHOLD,16     ;SAFE CARD HOLDER THIS WAVE, 0 = NONE
     127 000058a0                   .BSS    XSCROLLS,16     ;X SCROLL STOP, 1st WAVE SUPER KLUDGE,0 = DON'T
     128                    
     129 000058b0                   .BSS    PLYMIN,16       ;WAVE PLAYER Y MIN
     130 000058c0                   .BSS    PLYMAX,16       ;WAVE PLAYER Y MAX
     131 000058d0                   .BSS    PLZMIN,16       ;PLAYFIELD Z MIN
     132 000058e0                   .BSS    PLZMAX,16       ;PLAYFIELD Z MAX
     133 000058f0                   .BSS    PLZMID,16       ;PLAYFIELD Z MIDLINE
     134 00005900                   .BSS    PSZMIN,16       ;STREET Z MIN
     135 00005910                   .BSS    PSZMAX,16       ;STREET Z MAX
     136 00005920                   .BSS    PSZMID,16       ;STREET Z MIDLINE       
     137                    
     138 00005930                   .BSS    UNIVEND,16      ;1 = END OF CURRENT UNIVERSE REACHED
     139 00005940                   .BSS    UNIVSTX,16      ;STARTING UNIVERSE X COORDINATE
     140 00005950                   .BSS    UNIVSTY,16      ;STARTING UNIVERSE Y COORDINATE
     141 00005960                   .BSS    UNIVENDX,16     ;ENDING UNIVERSE X COORDINATE
     142 00005970                   .BSS    UNIVENDY,16     ;ENDING UNIVERSE Y COORDINATE
     143 00005980                   .BSS    GAMERASE,16     ;0 = NO GAME AUTOERASE SCHEME
     144                                                    ;1 = GAME AUTOERASE, OFF AT SCREEN END.
     145                                                    ;2 = GAME AUTOERASE, OFF AT MID-SCREEN.
     146                    
     147 00005990                   .BSS    WPARAMST,0
     148                    
     149 00005990                   .BSS    DIFRAM,0        ;START DIFFICULTY RAM
     150                    
     151 00005990                   .BSS    DRUGCNT,16      ;# OF DRUG DROPS ALLOWED THIS WAVE
     152 000059a0                   .BSS    BUCKCNT,16      ;# OF MONEY DROPS ALLOWED THIS WAVE
     153 000059b0                   .BSS    ROCKCNT,16      ;# OF ROCKET BOMB DROPS ALLOWED THIS WAVE
     154 000059c0                   .BSS    CLIPCNT,16      ;# OF CLIP DROPS ALLOWED THIS WAVE
     155                    
     156 000059d0                   .BSS    gangbmax,16     ;# of ALLOWED active bosses 
     157 000059e0                   .BSS    gangrock,16     ;chance/1000 of gangster having a rocket
     158 000059f0                   .BSS    gangmgun,16     ;(clips*gangmgun)/1000 chance of machine gunning
     159 00005a00                   .BSS    gangfrck,16     ;(rockets*gangmgun)/1000 chance of firing rocket
     160                    
     161 00005a10                   .BSS    hypomax,16      ;max # of active hypomen
     162 00005a20                   .BSS    hypodrug,16     ;chance/1000 of hypoman having drugs
     163 00005a30                   .BSS    hypobrain,16    ;TICKS BETWEEN DECISIONS
     164 00005a40                   .BSS    hypofire,16     ;CHANCE/K OF THROWING SPINNER
     165 00005a50                   .BSS    hyposfir,16     ;time between spinners
     166                    
TMS340 COFF Macro Assembler Version 6.10     Sat Apr 10 02:19:33 2021
 Copyright (c) 1985-1991  Texas Instruments Incorporated 

 <<< N  A  R  C  -- RAM DEFINITIONS >>>                              PAGE    4

     167 00005a60                   .BSS    pimpmax,16      ;max # of active pimpmen
     168 00005a70                   .BSS    pimpbuck,16     ;chance/1000 of pimpman having bucks
     169 00005a80                   .BSS    pimpbrain,16    ;tiks between brain funcs
     170 00005a90                   .BSS    pimpthr1,16     ;chance/1K of throwing every brain cycle when walking
     171 00005aa0                   .BSS    pimpthr2,16     ;chance/1K of throwing every brain cycle when hiding
     172 00005ab0                   .BSS    pimpfbal,16     ;chance/1K of fast ball
     173                    
     174 00005ac0                   .BSS    rambmax,16      ;max # of active rambmen
     175 00005ad0                   .BSS    rambbrain,16    ;sleep between homing on players
     176 00005ae0                   .BSS    rambdrug,16     ;chance/1000 of rambman having drugs
     177                    
     178 00005af0                   .BSS    bugmax,16       ;max # of active bugmen
     179                    
     180 00005b00                   .BSS    mbigbrain,16    ;ticks between brain funkyshins
     181 00005b10                   .BSS    mbigfire,16     ;ticks between firing bursts    
     182                    
     183 00005b20                   .BSS    DUMPMAX,16      ;MAX AMOUNT OF DUMPMEN AT A TIME
     184 00005b30                   .BSS    DUMPSPD,16      ;SPEED OF DUMPSTER MAN
     185 00005b40                   .BSS    DUMPBTT,16      ;BUTT PROBABILITY
     186 00005b50                   .BSS    DUMPSHT,16      ;SHOT COUNT FOR DEATH
     187                    
     188 00005b60                   .BSS    CLWNMAX,16      ;MAX AMOUNT OF CLWNMEN AT A TIME
     189 00005b70                   .BSS    CLWNSPD,16      ;SPEED OF CLWNSTER MAN
     190 00005b80                   .BSS    CLWNSHT,16      ;SHOT COUNT FOR DEATH
     191                    
     192 00005b90                   .BSS    LOFMAX,16       ;MAX LOFFREDO'S ON SCREEN
     193 00005ba0                   .BSS    LOFFIRE,16      ;CHANCE/1000 OF FIRING
     194                    
     195 00005bb0                   .BSS    CHOPRB,16       ;CHANCE/1K OF ROCKET/BOMB
     196                    
     197 00005bc0                   .BSS    DOGMAX,16       ;MAXIMUM DOGS @ ONE TIME
     198 00005bd0                   .BSS    DOGSPD,16       ;DOGGY SPEED
     199                    
     200 00005be0                   .BSS    ENDIFRAM,0      ;END DIFFICULTY RAM
     201                    
     202 00005be0                   .BSS    ECNTRS,0        ;ENEMY COUNTER BLOCK
     203 00005be0                   .BSS    LOFCNT,16       ;COUNTER FOR LOFFREDO ENEMIES
     204 00005bf0                   .BSS    LOFWAIT,16      ;LOF'S IN WAITING
     205 00005c00                   .BSS    JRHYCNT,16      ;COUNTER FOR JR THE HYPODERMIC MAN
     206 00005c10                   .BSS    HOOKCNT,16
     207 00005c20                   .BSS    PIMPCNT,16
     208 00005c30                   .BSS    DUMPCNT,16
     209 00005c40                   .BSS    KNAPCNT,16
     210 00005c50                   .BSS    GANGCNT,16
     211 00005c60                   .BSS    MBIGCNT,16
     212 00005c70                   .BSS    BUGCNT,16
     213 00005c80                   .BSS    RAMBCNT,16
     214 00005c90                   .BSS    CADCNT,16       ;CADILLAC COUNT
     215 00005ca0                   .BSS    PORCNT,16       ;PORSCHE COUNT
     216 00005cb0                   .BSS    CHOPCNT,16      ;CHOPPER COUNT
     217 00005cc0                   .BSS    DOGCNT,16
     218 00005cd0                   .BSS    SLPRAMBS,16
     219 00005ce0                   .BSS    SLPBUGS,16      ;Sleeping bug proc count
     220 00005cf0                   .BSS    SLPHYPOS,16
     221 00005d00                   .BSS    SLPPIMPS,16
TMS340 COFF Macro Assembler Version 6.10     Sat Apr 10 02:19:33 2021
 Copyright (c) 1985-1991  Texas Instruments Incorporated 

 <<< N  A  R  C  -- RAM DEFINITIONS >>>                              PAGE    5

     222 00005d10                   .BSS    SLPMBIGS,16
     223 00005d20                   .BSS    SLPGANGS,16
     224 00005d30                   .BSS    SLPHOOKS,16
     225 00005d40                   .BSS    PCHOPCNT,16
     226 00005d50                   .BSS    ECNTEND,0
     227                    
     228 00005d50                   .BSS    BBLOCKS,NSIZ*NBBLOCKS   ;BACKGROUND OBJECT LIST
     229                    
     230 0000fd50                   .BSS    DEATHCNT,16     ;COUNTER FOR MONDO-DEATH
     231                    
     232 0000fd60                   .BSS    WRAMEND,0       ;END OF WAVE RAM
     233                    
     234 0000fd60                   .BSS    GRAMEND,0       ;END OF GAME RAM
     235                    
     236 0000fd60                   .BSS    BAKSTAKP,32     ;BACKGROUND STACK POINTER
     237 0000fd80                   .BSS    BAKSTAKE,(32*14*3)+(3*(ENDIFRAM-DIFRAM))+(3*(PRCSIZ-40H)) 
     238                                                    ;^BACKGROUND STACK END
     239 000119d0                   .BSS    BAKSTAKS,0      ;BACKGROUND STACK START
     240                    
     241 000119d0                   .BSS    OBJSTAKP,32     ;OBJECT STACK POINTER
     242 000119f0                   .BSS    OBJSTAKE,((32*2*NSAVOBJS)*2)    ;OBJECT STACK END
     243 000132f0                   .BSS    OBJSTAKS,0      ;OBJECT STACK START
     244                    
     245 000132f0                   .BSS    STRNGRAM,20*16  ;RAM FOR BUILDING OF STRINGS BY CONVERSION ROUTINES
     246                    
     247 00013430                   .BSS    NRAMEND,0       ;END OF NARC RAM
     248                    
     249 00013430                   .BSS    BTIME,16        ;BUY IN TIMER
     250                    
     251 00013440                   .BSS    TVPATCH,30*16   ;PATCHLAND FOR TV
     252 00013620                   .BSS    TVPATCHX,0
     253                    
     254                            .END

 No Errors,  No Warnings
