TMS340 COFF Macro Assembler Version 6.10     Sat Apr 10 02:19:12 2021
 Copyright (c) 1985-1991  Texas Instruments Incorporated 

                                                                     PAGE    1

       1                            .FILE   "NARCCANS.ASM"
       3                    
       4                    **************************************************************************
       5                    *                                                                        *
       6                    *       COPYRIGHT (C) 1988 WILLIAMS ELECTRONICS GAMES, INC.              *
       7                    *       ALL RIGHTS RESERVED.                                             *
       8                    *                                                                        *
       9                    **************************************************************************
      10                    
      11                            .OPTION B,D,L
      12                            .MNOLIST
      13                    
      14                    *       GET THE SYSTEM STUFF
      15                            .INCLUDE        "\video\MPROCEQU.ASM"   ;MPROC equates
      16                            .INCLUDE        "\video\DISPEQU.ASM"    ;Display processor equates
      17                            .INCLUDE        "\video\GSP.INC"        ;GSP assembler equates
      18                            .INCLUDE        "\video\SYS.INC"        ;Zunit system equates
      19                            .INCLUDE        "\video\MACROS.HDR"     ;Macros, Yeah!
      20                    *       LOCAL STUFF
      21                            .INCLUDE        "NARCEQU.ASM"           ;NARC Equates
      22                            .INCLUDE        "IMGTBL.GLO"            ;Image Label Equates
      23                    
      24                    *
      25                    *GLOBALS IN THIS FILE
      26                            .GLOBAL CANEXCOL
      27                    
      28 00000000                   .TEXT
      29                    **************************************************************************
      30                    *                                                                        *
      31                    * CANAWAY - MAKE A BACK/FOREGROUND OBJECT GET HURLED FROM AN EXPLOSION   *
      32                    * A8 = PTR TO BACK/FOREGROUND OBJECT                                     *
      33                    * A10 = PTR TO THE 'TING THAT SMASHED IT MAAHN                           *
      34                    *                                                                        *
      35                    **************************************************************************
      36                    *
      37                    *SEND CAN BY WAY OF CAR
      38 00000000           CANCAWAY
      39 00000000     0d5f          CALLA   GCUBEVEL
         00000010 00000000! 
      40 00000030     4e62          MOVE    A3,B2                   ;MOVE IN Z VEL FOR CANGAWAY
      41 00000040     4e43          MOVE    A2,B3                   ;MOVE IN Y VEL FOR CANGAWAY
      42 00000050     5422          OR      A1,A2
      43 00000060     cb0c          JRNZ    CANCAW00                ;THERE BE VELOCITY
      44 00000070     b700          MOVE    *A8(OXVEL),A0,L
         00000080     0040  
      45 00000090     cb09          JRNZ    CANCAW00
      46 000000a0     b700          MOVE    *A8(OYVEL),A0,L
         000000b0     0060  
      47 000000c0     cb06          JRNZ    CANCAW00
      48 000000d0     5600          CLR     A0
      49 000000e0     b208          MOVE    A0,*A8(OPLINK),L
         000000f0     01f0  
      50 00000100                   DIE
      51 00000130           CANCAW00
      52 00000130     b70b          MOVE    *A8(OCVECT),A11,L
TMS340 COFF Macro Assembler Version 6.10     Sat Apr 10 02:19:12 2021
 Copyright (c) 1985-1991  Texas Instruments Incorporated 

 <<< N  A  R  C  -- CANS, DUMPSTERS & THE LIKE >>>                   PAGE    2

         00000140     01d0  
      53 00000150     09ee          MOVI    DUMCOLL,A14
         00000160 00000000! 
      54 00000180     b3c8          MOVE    A14,*A8(OCVECT),L       ;CANCEL UPWARD COLLISIONS
         00000190     01d0  
      55 000001a0     4c24          MOVE    A1,A4
      56 000001b0     0384          ABS     A4
      57 000001c0     07a5          MOVE    @SCROLLX,A5,L
         000001d0 00000000! 
      58 000001f0     0385          ABS     A5
      59 00000200     44a4          SUB     A5,A4
      60 00000210     0384          ABS     A4      
      61 00000220     2e04          SRL     16,A4
      62 00000230     0b44          CMPI    3,A4
         00000240     fffc  
      63 00000250     c307          JRHI    CANCAW0
      64 00000260                   SOUND1  CANWPSND
      65 000002c0     c006          JRUC    CANCAW01
      66 000002d0           CANCAW0 
      67 000002d0                   SOUND1  CANSMSND
      68 00000330           CANCAW01
      69 00000330     b228          MOVE    A1,*A8(OXVEL),L         ;STUFF X VEL
         00000340     0040  
      70 00000350     b740          MOVE    *A10(OPLINK),A0,L       
         00000360     01f0  
      71 00000370     ca00          JRZ     CANGAWAY                ;BR = NO CAR CONTROL PROCESS, HMMM
         00000380     00d3  
      72 00000390     4fa0          MOVE    A13,B0
      73 000003a0     4f01          MOVE    A8,B1
      74 000003b0     0d5f          CALLA   GETA8
         000003c0 00000000! 
      75 000003e0     4c0d          MOVE    A0,A13
      76 000003f0     b741          MOVE    *A10(OXVEL),A1,L        ;LET'S STEAL SOME CAR VELOCITY
         00000400     0040  
      77 00000410     ce04          JRN     CANCAW3                 ;BR = NEGATIVE, ADD TO SUBTRACT
      78 00000420     0be1          SUBI    [0,4000H],A1
         00000430     bfff  
      79 00000440     cf05          JRNN    CANCAW3A                ;BR = SIGNS, DIDN'T SWITCH
      80 00000450     c003          JRUC    CANCAW3B
      81 00000460           CANCAW3
      82 00000460     0b01          ADDI    [0,4000H],A1
         00000470     4000  
      83 00000480     ce01          JRN     CANCAW3A
      84 00000490           CANCAW3B
      85 00000490     5621          CLR     A1
      86 000004a0           CANCAW3A
      87 000004a0     0d5f          CALLA   CARXVEL                 ;GIVE ME YOU'RE WORST!
         000004b0 00000000! 
      88 000004d0     4e1d          MOVE    B0,A13
      89 000004e0     4e38          MOVE    B1,A8
      90 000004f0           CANCAW4
      91 000004f0     c000          JRUC    CANGAWAY
         00000500     00bb  
      92                    
      93                    *
TMS340 COFF Macro Assembler Version 6.10     Sat Apr 10 02:19:12 2021
 Copyright (c) 1985-1991  Texas Instruments Incorporated 

 <<< N  A  R  C  -- CANS, DUMPSTERS & THE LIKE >>>                   PAGE    3

      94                    *MOVE CAN OR DUMPSTER BY WAY OF PLAYER START CAR
      95 00000510           CANSAWAY
      96 00000510     0d5f          CALLA   GCUBEVEL
         00000520 00000000! 
      97 00000540     4e62          MOVE    A3,B2                   ;MOVE IN Z VEL FOR CANGAWAY
      98 00000550     4e43          MOVE    A2,B3                   ;MOVE IN Y VEL FOR CANGAWAY
      99 00000560     5422          OR      A1,A2
     100 00000570     cb0c          JRNZ    CANSAW00                ;THERE BE VELOCITY
     101 00000580     b700          MOVE    *A8(OXVEL),A0,L
         00000590     0040  
     102 000005a0     cb09          JRNZ    CANSAW00
     103 000005b0     b700          MOVE    *A8(OYVEL),A0,L
         000005c0     0060  
     104 000005d0     cb06          JRNZ    CANSAW00
     105 000005e0     5600          CLR     A0
     106 000005f0     b208          MOVE    A0,*A8(OPLINK),L
         00000600     01f0  
     107 00000610                   DIE
     108 00000640           CANSAW00
     109 00000640     b70b          MOVE    *A8(OCVECT),A11,L
         00000650     01d0  
     110 00000660     09ee          MOVI    DUMCOLL,A14
         00000670 00000000! 
     111 00000690     b3c8          MOVE    A14,*A8(OCVECT),L       ;CANCEL UPWARD COLLISIONS
         000006a0     01d0  
     112 000006b0     4c24          MOVE    A1,A4
     113 000006c0     0384          ABS     A4
     114 000006d0     07a5          MOVE    @SCROLLX,A5,L
         000006e0 00000000! 
     115 00000700     0385          ABS     A5
     116 00000710     44a4          SUB     A5,A4
     117 00000720     0384          ABS     A4      
     118 00000730     2e04          SRL     16,A4
     119 00000740     0b44          CMPI    3,A4
         00000750     fffc  
     120 00000760     c307          JRHI    CANSAW0
     121 00000770                   SOUND1  CANWPSND
     122 000007d0     c006          JRUC    CANSAW01
     123 000007e0           CANSAW0 
     124 000007e0                   SOUND1  CANSMSND
     125 00000840           CANSAW01
     126 00000840     b228          MOVE    A1,*A8(OXVEL),L         ;STUFF X VEL
         00000850     0040  
     127 00000860     c000          JRUC    CANGAWAY
         00000870     0084  
     128                    
     129                    *
     130                    *MOVE DUMPSTER VIA CAR
     131 00000880           DMPCAWAY
     132 00000880     0d5f          CALLA   GCUBEVEL
         00000890 00000000! 
     133 000008b0     2be2          SRA     1,A2
     134 000008c0     2be3          SRA     1,A3
     135 000008d0     4e62          MOVE    A3,B2                   ;MOVE IN Z VEL FOR CANGAWAY
     136 000008e0     4e43          MOVE    A2,B3                   ;MOVE IN Y VEL FOR CANGAWAY
TMS340 COFF Macro Assembler Version 6.10     Sat Apr 10 02:19:12 2021
 Copyright (c) 1985-1991  Texas Instruments Incorporated 

 <<< N  A  R  C  -- CANS, DUMPSTERS & THE LIKE >>>                   PAGE    4

     137 000008f0     5422          OR      A1,A2
     138 00000900     cb0c          JRNZ    DMPCAW00                ;THERE BE VELOCITY
     139 00000910     b700          MOVE    *A8(OXVEL),A0,L
         00000920     0040  
     140 00000930     cb09          JRNZ    DMPCAW00
     141 00000940     b700          MOVE    *A8(OYVEL),A0,L
         00000950     0060  
     142 00000960     cb06          JRNZ    DMPCAW00
     143 00000970     5600          CLR     A0
     144 00000980     b208          MOVE    A0,*A8(OPLINK),L
         00000990     01f0  
     145 000009a0                   DIE
     146 000009d0           DMPCAW00
     147 000009d0     b70b          MOVE    *A8(OCVECT),A11,L
         000009e0     01d0  
     148 000009f0     09ee          MOVI    DUMCOLL,A14
         00000a00 00000000! 
     149 00000a20     b3c8          MOVE    A14,*A8(OCVECT),L       ;CANCEL UPWARD COLLISIONS
         00000a30     01d0  
     150 00000a40                   SOUND1  CANSMSND
     151 00000aa0     b228          MOVE    A1,*A8(OXVEL),L         ;STUFF X VEL
         00000ab0     0040  
     152 00000ac0     4fa0          MOVE    A13,B0
     153 00000ad0     b74d          MOVE    *A10(OPLINK),A13,L      
         00000ae0     01f0  
     154 00000af0     ca27          JRZ     DMPCAW03                ;BR = NO CAR CONTROL PROCESS, HMMM
     155 00000b00     4d40          MOVE    A10,A0
     156 00000b10     4c21          MOVE    A1,A1
     157 00000b20     ce05          JRN     DMPCAW01
     158 00000b30     0d5f          CALLA   WHICHSID
         00000b40 00000000! 
     159 00000b60     c820          JRC     DMPCAW03                ;BR = GOING RIGHT ON THE RIGHT, CAN IT
     160 00000b70     c004          JRUC    DMPCAW02
     161 00000b80           DMPCAW01
     162 00000b80     0d5f          CALLA   WHICHSID
         00000b90 00000000! 
     163 00000bb0     c91b          JRNC    DMPCAW03                ;BR = GOING LEFT ON THE LEFT, CAN IT
     164 00000bc0           DMPCAW02
     165 00000bc0     03a1          NEG     A1                              
     166 00000bd0     2be1          SRA     1,A1
     167 00000be0     b602          MOVE    *A0(OZVEL),A2,L
         00000bf0     00e0  
     168 00000c00     b603          MOVE    *A0(OYVEL),A3,L
         00000c10     0060  
     169 00000c20     4443          SUB     A2,A3
     170 00000c30     03a2          NEG     A2
     171 00000c40     2be2          SRA     1,A2
     172 00000c50     4043          ADD     A2,A3
     173 00000c60     4f01          MOVE    A8,B1
     174 00000c70     4da0          MOVE    A13,A0
     175 00000c80     0d5f          CALLA   GETA8                   ;GET THE DRIVER PTR
         00000c90 00000000! 
     176 00000cb0     0d5f          CALLA   CARXVEL                 ;MIRROR/2 X VELOCITY
         00000cc0 00000000! 
     177 00000ce0     4c41          MOVE    A2,A1
TMS340 COFF Macro Assembler Version 6.10     Sat Apr 10 02:19:12 2021
 Copyright (c) 1985-1991  Texas Instruments Incorporated 

 <<< N  A  R  C  -- CANS, DUMPSTERS & THE LIKE >>>                   PAGE    5

     178 00000cf0     0d5f          CALLA   CARZVEL                 ;MIRROR/2 Z VELOCITY
         00000d00 00000000! 
     179 00000d20     4c61          MOVE    A3,A1
     180 00000d30     0d5f          CALLA   CARYVEL                 ;SUBSEQUENT Y VELOCITY
         00000d40 00000000! 
     181 00000d60     4e38          MOVE    B1,A8
     182 00000d70           DMPCAW03
     183 00000d70     4e1d          MOVE    B0,A13
     184 00000d80     c033          JRUC    CANGAWAY
     185                    
     186                    *
     187                    *SEND CAN BY WAY OF ROCKET
     188 00000d90           CANRAWAY
     189 00000d90     b70b          MOVE    *A8(OCVECT),A11,L
         00000da0     01d0  
     190 00000db0     09ee          MOVI    DUMCOLL,A14
         00000dc0 00000000! 
     191 00000de0     b3c8          MOVE    A14,*A8(OCVECT),L       ;CANCEL UPWARD COLLISIONS
         00000df0     01d0  
     192 00000e00     09f0          MOVI    17FFFH,B0
         00000e10 00017fff  
     193 00000e30     09f1          MOVI    40000H,B1
         00000e40 00040000  
     194 00000e60     0d5f          CALLA   RANGRAND
         00000e70 00000000! 
     195 00000e90     4c06          MOVE    A0,A6
     196 00000ea0     b540          MOVE    *A10(OFLAGS),A0,W
         00000eb0     0100  
     197 00000ec0     1f60          BTST    B_FLIPH,A0
     198 00000ed0     ca05          JREQ    CANRGAWA
     199 00000ee0     03a6          NEG     A6
     200 00000ef0     c003          JRUC    CANRGAWA
     201 00000f00           CANAWAY
     202 00000f00     56c6          CLR     A6
     203 00000f10     b70b          MOVE    *A8(OCVECT),A11,L
         00000f20     01d0  
     204                    *
     205                    *GENERIC CAN FLY ENTRY, A6 = 32 BIT AMOUNT OF X VEL TO ADD,A11 = COLVECT RESTORE 
     206 00000f30           CANRGAWA
     207 00000f30     b540          MOVE    *A10(OXPOS),A0,W
         00000f40     0090  
     208 00000f50     b541          MOVE    *A10(OYPOS),A1,W
         00000f60     00b0  
     209 00000f70     2601          SLL     16,A1
     210 00000f80     ee20          MOVY    A1,A0
     211 00000f90     b741          MOVE    *A10(OSIZE),A1,L        ;GET DMA XY SIZE OF KILLER
         00000fa0     0140  
     212 00000fb0     0d5f          CALLA   GETCENT
         00000fc0 00000000! 
     213 00000fe0     4c22          MOVE    A1,A2                   ;KEEP CENTER OF KILLER
     214 00000ff0     0d5f          CALLA   GETCPNT                 ;GET ENEMY'S CENTER
         00001000 00000000! 
     215                    
     216 00001020     0501          SEXT    A1                      ;JUST DEAL WITH X CENTER
     217 00001030     4441          SUB     A2,A1                   ;A1 = ENEMY XCENT - KILLER XCENT
TMS340 COFF Macro Assembler Version 6.10     Sat Apr 10 02:19:12 2021
 Copyright (c) 1985-1991  Texas Instruments Incorporated 

 <<< N  A  R  C  -- CANS, DUMPSTERS & THE LIKE >>>                   PAGE    6

     218 00001040     4c22          MOVE    A1,A2
     219 00001050     2562          SLL     11,A2
     220 00001060     40c2          ADD     A6,A2
     221 00001070     b248          MOVE    A2,*A8(OXVEL),L         ;MAKE DCENTERS A VELOCITY
         00001080     0040  
     222 00001090     0d5f          CALLA   GETYZVEL                ;GET A RANDOM Y & Z VELOCITY
         000010a0 00000000! 
     223                    *
     224                    *ENTRY FOR CAN FLY WITH X VELOCITY ALREADY STUFFED
     225                    *B2 = 32 BIT ZVEL, B3 = 32 BIT YVEL, A11 = COLLISION VECTOR TO RESTORE
     226 000010c0           CANGAWAY
     227 000010c0     4d00          MOVE    A8,A0
     228 000010d0     0d5f          CALLA   ISBB
         000010e0 00000000! 
     229 00001100     c903          JRNC    CANOFFBB
     230 00001110     0d5f          CALLA   DELBB
         00001120 00000000! 
     231 00001140           CANOFFBB
     232 00001140     b700          MOVE    *A8(OSHAD),A0,L
         00001150     0240  
     233 00001160     cb03          JRNZ    CANSHAD
     234 00001170     0d5f          CALLA   SHADST                  ;START A SHADOW
         00001180 00000000! 
     235 000011a0           CANSHAD 
     236 000011a0     4f00          MOVE    A8,B0
     237 000011b0     b250          MOVE    B2,*B0(OZVEL),L
         000011c0     00e0  
     238 000011d0     b611          MOVE    *B0(OYVEL),B1,L         ;GET THE CURRENT Y VELOCITY
         000011e0     0060  
     239 000011f0     c605          JRLE    CANRST
     240 00001200     4033          ADD     B1,B3                   ;FREAK THE CAN OUT
     241 00001210     c703          JRGT    CANRST
     242 00001220     09f3          MOVI    [1,0],B3
         00001230 00010000  
     243 00001250           CANRST
     244 00001250     4053          ADD     B2,B3
     245 00001260     b270          MOVE    B3,*B0(OYVEL),L         ;STUFF THE ILL GOTTEN BOOTY
         00001270     0060  
     246 00001280     0d5f          CALLA   SHVELCPY
         00001290 00000000! 
     247 000012b0           CANPDS
     248 000012b0                   SLEEP   1
     249 000012f0     0d5f          CALLA   CKZAMIN                 ;JUST CHECK AGAINST THE MIN FOR WALL
         00001300 00000000! 
     250                    ***     CALLA   CKZADJST
     251 00001320     b700          MOVE    *A8(OYVEL),A0,L         ;GET THE CURRENT Y VELOCITY
         00001330     0060  
     252 00001340     b701          MOVE    *A8(OZVEL),A1,L 
         00001350     00e0  
     253 00001360     4420          SUB     A1,A0                   ;SUBTRACT INSTALLED Z VELOCITY
     254 00001370     c603          JRLE    CANPD1B                 ;BR = NOT GOING DOWN, DON'T CHECK GROUND HIT
     255 00001380     b368          MOVE    A11,*A8(OCVECT),L       ;RESTORE ORIGINAL COLLISION VECTOR
         00001390     01d0  
     256 000013a0     c006          JRUC    CANDOWN
     257 000013b0           CANPD1B
TMS340 COFF Macro Assembler Version 6.10     Sat Apr 10 02:19:12 2021
 Copyright (c) 1985-1991  Texas Instruments Incorporated 

 <<< N  A  R  C  -- CANS, DUMPSTERS & THE LIKE >>>                   PAGE    7

     258 000013b0     0b00          ADDI    GRAVITY,A0
         000013c0     2400  
     259 000013d0     4020          ADD     A1,A0                   ;RE-ADD THE Z VEL
     260 000013e0     b208          MOVE    A0,*A8(OYVEL),L
         000013f0     0060  
     261 00001400     c0ea          JRUC    CANPDS
     262 00001410           CANDOWN
     263 00001410     0d5f          CALLA   DFRMGRND                ;DID HE HIT THE GROUND?
         00001420 00000000! 
     264 00001440     c612          JRLE    CANHIT                  ;BR = YES
     265 00001450     b700          MOVE    *A8(OYVEL),A0,L         ;DECREASE Y VELOCITY
         00001460     0060  
     266 00001470     b701          MOVE    *A8(OZVEL),A1,L
         00001480     00e0  
     267 00001490     4420          SUB     A1,A0
     268 000014a0     0b00          ADDI    GRAVITY,A0
         000014b0     2400  
     269 000014c0     4020          ADD     A1,A0
     270 000014d0     b208          MOVE    A0,*A8(OYVEL),L
         000014e0     0060  
     271 000014f0                   SLEEP   1
     272 00001530     0d5f          CALLA   CKZAMIN
         00001540 00000000! 
     273                    ***     CALLA   CKZADJST
     274 00001560     c0ea          JRUC    CANDOWN
     275                    
     276 00001570           CANHIT
     277 00001570     0d5f          CALLA   SCRTST
         00001580 00000000! 
     278 000015a0     cb12          JRNZ    CANHITNS                ;BR = NO SOUND IF OFF SCREEN
     279 000015b0     b500          MOVE    *A8(OID),A0,W
         000015c0     01a0  
     280 000015d0     0b40          CMPI    BGDMPID,A0
         000015e0     f436  
     281 000015f0     cb07          JRNE    CANHITSD
     282 00001600                   SOUND1  CANSMSND                ;BIG SOUND FOR DUMPSTER
     283 00001660     c006          JRUC    CANHITNS
     284 00001670           CANHITSD
     285 00001670                   SOUND1  CANBCSND
     286 000016d0           CANHITNS
     287 000016d0     b700          MOVE    *A8(OYVEL),A0,L
         000016e0     0060  
     288 000016f0     2bc0          SRA     2,A0
     289 00001700     0b60          CMPI    [1,0],A0
         00001710 fffeffff  
     290 00001730     c425          JRLT    CANHIT1
     291 00001740     03a0          NEG     A0
     292 00001750     b208          MOVE    A0,*A8(OYVEL),L
         00001760     0060  
     293 00001770     b701          MOVE    *A8(OXVEL),A1,L
         00001780     0040  
     294 00001790     2be1          SRA     1,A1                    ;HALVE THESE GUYS
     295 000017a0     b228          MOVE    A1,*A8(OXVEL),L
         000017b0     0040  
     296 000017c0     b701          MOVE    *A8(OZVEL),A1,L
TMS340 COFF Macro Assembler Version 6.10     Sat Apr 10 02:19:12 2021
 Copyright (c) 1985-1991  Texas Instruments Incorporated 

 <<< N  A  R  C  -- CANS, DUMPSTERS & THE LIKE >>>                   PAGE    8

         000017d0     00e0  
     297 000017e0     2be1          SRA     1,A1
     298 000017f0     b228          MOVE    A1,*A8(OZVEL),L
         00001800     00e0  
     299 00001810     0d5f          CALLA   SHVELCPY
         00001820 00000000! 
     300 00001840           CANBNCE1
     301 00001840                   SLEEP   1
     302 00001880     0d5f          CALLA   CKZAMIN
         00001890 00000000! 
     303                    ***     CALLA   CKZADJST
     304 000018b0     b703          MOVE    *A8(OYVEL),A3,L         ;GET THE CURRENT Y VELOCITY
         000018c0     0060  
     305 000018d0     c604          JRLE    CANBNCE2                ;BR = NOT GOING DOWN, DON'T CHECK GROUND HIT
     306 000018e0     0d5f          CALLA   DFRMGRND                ;DID HE HIT THE GROUND?
         000018f0 00000000! 
     307 00001910     c6c5          JRLE    CANHIT                  ;BR = YES
     308                    
     309 00001920           CANBNCE2
     310 00001920     b700          MOVE    *A8(OYVEL),A0,L         ;DECREASE Y VELOCITY
         00001930     0060  
     311 00001940     0b00          ADDI    GRAVITY,A0
         00001950     2400  
     312 00001960     b208          MOVE    A0,*A8(OYVEL),L
         00001970     0060  
     313 00001980     c0eb          JRUC    CANBNCE1
     314                    
     315 00001990           CANHIT1
     316 00001990     0d5f          CALLA   PSTOP                   ;STOP THE SUCKER   
         000019a0 00000000! 
     317 000019c0     4d00          MOVE    A8,A0                   ;OBJECT IN A0 FOR SETZPOS
     318 000019d0     0d5f          CALLA   SETZPOS                 ;ADJUST THE MUTHA
         000019e0 00000000! 
     319 00001a00     0d5f          CALLA   DELSHAD                 ;RESET SHADOW
         00001a10 00000000! 
     320 00001a30     4d00          MOVE    A8,A0
     321 00001a40     1821          MOVK    1,A1                    ;PUT HIM BACK IN BACKGROUND JIVE
     322 00001a50     0d5f          CALLA   ADDBB
         00001a60 00000000! 
     323 00001a80     5600          CLR     A0
     324 00001a90     b208          MOVE    A0,*A8(OPLINK),L        ;DE-LINK PORFAVOR
         00001aa0     01f0  
     325 00001ab0                   DIE
     326                    
     327                    **************************************************************************
     328                    *                                                                        *
     329                    * CANEXCOL - COLLISION OF A BACK/FOREGROUND OBJECT AND AN EXPLOSION      *
     330                    * A0 = PTR TO BACK/FOREGROUND OBJECT                                     *
     331                    * A8 = PTR TO THE 'TING THAT SMASHED IT MAAHN                            *
     332                    *                                                                        *
     333                    **************************************************************************
     334 00001ae0           CANEXCOL
     335 00001ae0     09c1          MOVI    0BDH,A1
         00001af0     00bd  
     336 00001b00     09e7          MOVI    CANAWAY,A7
TMS340 COFF Macro Assembler Version 6.10     Sat Apr 10 02:19:12 2021
 Copyright (c) 1985-1991  Texas Instruments Incorporated 

 <<< N  A  R  C  -- CANS, DUMPSTERS & THE LIKE >>>                   PAGE    9

         00001b10 00000f00' 
     337 00001b30     c018          JRUC    BGNDGCOL
     338                    **************************************************************************
     339                    *                                                                        *
     340                    * CANRKCOL - COLLISION OF A BACK/FOREGROUND OBJECT AND A ROCKET          *
     341                    * A0 = PTR TO BACK/FOREGROUND OBJECT                                     *
     342                    * A8 = PTR TO THE 'TING THAT SMASHED IT MAAHN                            *
     343                    *                                                                        *
     344                    **************************************************************************
     345 00001b40           CANRKCOL
     346 00001b40     09c1          MOVI    0BDH,A1
         00001b50     00bd  
     347 00001b60     09e7          MOVI    CANRAWAY,A7
         00001b70 00000d90' 
     348 00001b90     c012          JRUC    BGNDGCOL
     349                    **************************************************************************
     350                    *                                                                        *
     351                    * CANCRCOL - COLLISION OF A MOVABLE BACK/FOREGROUND OBJECT AND A CAR.    *
     352                    * A0 = PTR TO BACK/FOREGROUND OBJECT                                     *
     353                    * A8 = PTR TO THE 'TING THAT SMASHED IT MAAHN                            *
     354                    *                                                                        *
     355                    **************************************************************************
     356 00001ba0           CANCRCOL
     357 00001ba0     09c1          MOVI    0BDH,A1
         00001bb0     00bd  
     358 00001bc0     09e7          MOVI    CANCAWAY,A7
         00001bd0 00000000' 
     359 00001bf0     c00c          JRUC    BGNDGCOL
     360                    **************************************************************************
     361                    *                                                                        *
     362                    * CANSTCOL - COLLISION OF A MOVABLE BACK/FOREGROUND OBJECT THE PLAYER    *
     363                    *            START CAR.                                                  *
     364                    * A0 = PTR TO BACK/FOREGROUND OBJECT                                     *
     365                    * A8 = PTR TO THE 'TING THAT SMASHED IT MAAHN                            *
     366                    *                                                                        *
     367                    **************************************************************************
     368 00001c00           CANSTCOL
     369 00001c00     09c1          MOVI    0BDH,A1
         00001c10     00bd  
     370 00001c20     09e7          MOVI    CANSAWAY,A7
         00001c30 00000510' 
     371 00001c50     c006          JRUC    BGNDGCOL
     372                    **************************************************************************
     373                    *                                                                        *
     374                    * DMPCRCOL - COLLISION OF A DUMPSTER OBJECT AND A CAR.                   *
     375                    * A0 = PTR TO DUMPSTER                                                   *
     376                    * A8 = PTR TO CAR THAT SMASHED IT                                        *
     377                    *                                                                        *
     378                    **************************************************************************
     379 00001c60           DMPCRCOL
     380 00001c60     09c1          MOVI    0BDH,A1
         00001c70     00bd  
     381 00001c80     09e7          MOVI    DMPCAWAY,A7
         00001c90 00000880' 
     382 00001cb0     0300          JRUC    BGNDGCOL
TMS340 COFF Macro Assembler Version 6.10     Sat Apr 10 02:19:12 2021
 Copyright (c) 1985-1991  Texas Instruments Incorporated 

 <<< N  A  R  C  -- CANS, DUMPSTERS & THE LIKE >>>                   PAGE   10

     383                    **************************************************************************
     384                    *                                                                        *
     385                    * BGNDGCOL - GENERIC ENTRY FOR BACK/FOREGROUND OBJECT COLLISION          *
     386                    * A0 = PTR TO BACK/FOREGROUND OBJECT                                     *
     387                    * A1 = I.D. OF PROCESS TO CREATE                                         *
     388                    * A7 = ADDRESS OF PROCESS                                                *
     389                    * A8 = PTR TO THE 'TING THAT SMASHED IT MAAHN                            *
     390                    *                                                                        *
     391                    **************************************************************************
     392 00001cc0           BGNDGCOL
     393 00001cc0     4d0a          MOVE    A8,A10
     394 00001cd0     4c08          MOVE    A0,A8
     395 00001ce0     b700          MOVE    *A8(OPLINK),A0,L
         00001cf0     01f0  
     396 00001d00     ca03          JRZ     BGNDGNP
     397 00001d10     0d5f          CALLA   KILL
         00001d20 00000000! 
     398 00001d40           BGNDGNP
     399 00001d40     0d5f          CALLA   GETPRC
         00001d50 00000000! 
     400 00001d70     b208          MOVE    A0,*A8(OPLINK),L
         00001d80     01f0  
     401 00001d90     5600          CLR     A0      
     402 00001da0     1020          INC     A0                      ;STOP THIS SCAN
     403 00001db0     0320          CLRC
     404 00001dc0     0960          RETS
     405                    
     406                    *
     407                    *BACKGROUND OBJECT COLLISION LIST
     408 00001dd0           CANCOLL
     409 00001dd0     0b12          .WORD   B1OID|EXPLODID
     410 00001de0 00001ae0'         .LONG   CANEXCOL
     411 00001e00     0b22          .WORD   B2OID|EXPLODID
     412 00001e10 00001ae0'         .LONG   CANEXCOL
     413 00001e30     0be2          .WORD   BEOID|EXPLODID
     414 00001e40 00001ae0'         .LONG   CANEXCOL
     415 00001e60     0b14          .WORD   B1OID|ROCKETID
     416 00001e70 00001b40'         .LONG   CANRKCOL
     417 00001e90     0b24          .WORD   B2OID|ROCKETID
     418 00001ea0 00001b40'         .LONG   CANRKCOL
     419 00001ec0     0c00          .WORD   C1OID|CBODYID
     420 00001ed0 00001c00'         .LONG   CANSTCOL
     421 00001ef0     0c30          .WORD   TRAN1OID|CBODYID
     422 00001f00 00001ba0'         .LONG   CANCRCOL
     423 00001f20     0c70          .WORD   CSTR1OID|CBODYID
     424 00001f30 00001c00'         .LONG   CANSTCOL
     425 00001f50     0c40          .WORD   TRAN2OID|CBODYID
     426 00001f60 00001ba0'         .LONG   CANCRCOL
     427 00001f80     0c42          .WORD   TRAN2OID|WSHLDID
     428 00001f90 00001c00'         .LONG   CANSTCOL
     429 00001fb0     0000          .WORD   0
     430 00001fc0 00000000!         .LONG   DUMRTSG
     431                    
     432 00001fe0           DUMPCOLL
     433 00001fe0     0b12          .WORD   B1OID|EXPLODID
TMS340 COFF Macro Assembler Version 6.10     Sat Apr 10 02:19:12 2021
 Copyright (c) 1985-1991  Texas Instruments Incorporated 

 <<< N  A  R  C  -- CANS, DUMPSTERS & THE LIKE >>>                   PAGE   11

     434 00001ff0 00001ae0'         .LONG   CANEXCOL
     435 00002010     0b22          .WORD   B2OID|EXPLODID
     436 00002020 00001ae0'         .LONG   CANEXCOL
     437 00002040     0be2          .WORD   BEOID|EXPLODID
     438 00002050 00001ae0'         .LONG   CANEXCOL
     439 00002070     0b14          .WORD   B1OID|ROCKETID
     440 00002080 00001b40'         .LONG   CANRKCOL
     441 000020a0     0b24          .WORD   B2OID|ROCKETID
     442 000020b0 00001b40'         .LONG   CANRKCOL
     443 000020d0     0c00          .WORD   C1OID|CBODYID
     444 000020e0 00001c00'         .LONG   CANSTCOL
     445 00002100     0c30          .WORD   TRAN1OID|CBODYID
     446 00002110 00001c60'         .LONG   DMPCRCOL
     447 00002130     0c70          .WORD   CSTR1OID|CBODYID
     448 00002140 00001c00'         .LONG   CANSTCOL
     449 00002160     0c40          .WORD   TRAN2OID|CBODYID
     450 00002170 00001c00'         .LONG   CANSTCOL
     451 00002190     0c42          .WORD   TRAN2OID|WSHLDID
     452 000021a0 00001c00'         .LONG   CANSTCOL
     453 000021c0     0000          .WORD   0
     454 000021d0 00000000!         .LONG   DUMRTSG
     455                    
     456                            .END

 No Errors,  No Warnings
