TMS340 COFF Macro Assembler Version 6.10     Sat Apr 10 02:19:37 2021
 Copyright (c) 1985-1991  Texas Instruments Incorporated 

                                                                     PAGE    1

       1                            .FILE   "NARCANIM.ASM"
       3                            .WIDTH  132
       4                            .OPTION B,D,L
       5                            .MNOLIST        
       6                    
       7                    *       GET THE SYSTEM STUFF
       8                            .INCLUDE        "\video\MPROCEQU.ASM"   ;MPROC equates
       9                            .INCLUDE        "\video\DISPEQU.ASM"    ;Display processor equates
      10                            .INCLUDE        "\video\GSP.INC"        ;GSP assembler equates
      11                            .INCLUDE        "\video\SYS.INC"        ;Zunit system equates
      12                            .INCLUDE        "\video\MACROS.HDR"     ;Macros, Yeah!
      13                    *       LOCAL STUFF
      14                            .INCLUDE        "NARCEQU.ASM"           ;NARC Equates
      15                            .INCLUDE        "IMGTBL.GLO"            ;Image Label Globals
      16                            .INCLUDE        "NARCPLAY.TBL"          ;Image Label Equates
      17                    
      18 00004700                   .data
      19 00004700                   .EVEN
      20                    
      21                    *
      22                    *PLAYER ANIMATION SCRIPT OFFSET TABLE
      23 00004700     0001  P1AOFFS .WORD   1,21,41,61,62,63,64,65,66,67,68,69,70,71,72,73,74,75,76,0,0
      24 00004850     004d          .WORD   77,79,81,83,85,87,89,91
      25 000048d0           P1MAINTL
      26 000048d0 00004700"         .LONG   P1AOFFS
      27                    *                 LR      UP     UPQ     DNQ     DN
      28 000048f0 00005b70"         .LONG   P1WLLR, P1WLUP, P1WLUPQ,P1WLDNQ,P1WLDN  ;WALKING  --> LEGS
      29 00004990 00006bc0"         .LONG   P1WTLR, P1WTUP, P1WTUPQ,P1WTDNQ,P1WTDN  ;WALKING  --> TORSO
      30 00004a30 000071b0"         .LONG   P1FTLR, P1FTUP, P1FTUPQ,P1FTDNQ,P1FTDN  ;WALKING  --> TORSO FIRE
      31 00004ad0 000072f0"         .LONG   P1RBTLR,P1RBTUP,P1RBTUPQ,P1RBTDNQ,P1RBTDN ;WALK > TORSO ROCKET
      32                    
      33 00004b70 00005da0"         .LONG   P1SWLLR,P1SWLLR,P1SWLLR,P1SWLLR,P1SWLLR ;SQUAT WALK > LEGS
      34 00004c10 00006f30"         .LONG   P1SWTLR,P1SWTLR,P1SWTLR,P1SWTLR,P1SWTLR ;SQUAT WALK > TORSO     
      35 00004cb0 000080c0"         .LONG   P1SFTLR,P1SFTLR,P1SFTLR,P1SFTLR,P1SFTLR ;SQUAT WALK > FIRE
      36 00004d50 00008200"         .LONG   P1SRBTLR,P1SRBTLR,P1SRBTLR,P1SRBTLR,P1SRBTLR ;SQUAT WALK > ROCKET
      37                    
      38 00004df0 00009000"         .LONG   P1JLLR1,P1JLLR1,P1JLLR2,P1JLLR3,P1JLLR4 ;JUMP LFT/RGHT LEGS
      39 00004e90 00009050"         .LONG   P1JTLR1,P1JTLR1,P1JTLR2,P1JTLR3,P1JTLR4 ;JUMP L/R TORSO
      40 00004f30 00008560"         .LONG   P1JFTLR1,P1JFTLR2,P1JFTLR3,P1JFTLR4,P1JFTLR4 ;JUMP L/R FIRE
      41 00004fd0 00008a60"         .LONG   P1JRTLR1,P1JRTLR2,P1JRTLR3,P1JRTLR4,P1JRTLR4 ;JUMP L/R ROCKET
      42                    
      43 00005070 00005470"         .LONG   P1STDL                                  ;STAND REST LEGS
      44 00005090 000054c0"         .LONG   P1STDT                                  ;STAND REST TORSO               
      45                    
      46 000050b0 00005510"         .LONG   P1SQTL                                  ;SQUAT REST LEGS
      47 000050d0 00005560"         .LONG   P1SQTT                                  ;SQUAT REST TORSO
      48                    
      49 000050f0 00007400"         .LONG   P1FLSTD                                 ;STAND REST/FIRE LEGS
      50 00005110 00007480"         .LONG   P1FTSTD                                 ;STAND REST/FIRE TORSO
      51                    
      52 00005130 00005510"         .LONG   P1SQTL                                  ;SQUAT REST/FIRE LEGS
      53 00005150 00008310"         .LONG   P1SQFLR                                 ;SQUAT REST/FIRE TORSO
      54                    
      55 00005170 000075c0"         .LONG   P1RBLSTD                                ;STAND REST/ROCKET LEGS 
      56 00005190 00007640"         .LONG   P1RBTSTD                                ;STAND REST/ROCKET TORSO
TMS340 COFF Macro Assembler Version 6.10     Sat Apr 10 02:19:37 2021
 Copyright (c) 1985-1991  Texas Instruments Incorporated 

 <<< N  A  R  C  -- MISCELLANEOUS ANIMATION SCRIPTS >>>              PAGE    2

      57                    
      58 000051b0 00005510"         .LONG   P1SQTL                                  ;SQUAT REST/ROCKET LEGS
      59 000051d0 00008450"         .LONG   P1SQRBLR                                ;SQUAT REST/ROCKET TORSO
      60                    
      61 000051f0 000055b0"         .LONG   P1DRIVEL                                ;DRIVING LEGS
      62 00005210 00005600"         .LONG   P1DRIVET                                ;DRIVING TORSO
      63                    
      64 00005230 000056a0"         .LONG   P1PASSL                                 ;PASSENGER LEGS
      65 00005250 000056f0"         .LONG   P1PASST                                 ;PASSENGER TORSO
      66                    
      67 00005270 000055b0"         .LONG   P1DRIVEL                                ;DRIVING LEGS
      68 00005290 00005650"         .LONG   P1DRIVEF                                ;DRIVING TORSO FIRE
      69                    
      70 000052b0 000056a0"         .LONG   P1PASSL                                 ;PASSENGER LEGS
      71 000052d0 00005740"         .LONG   P1PASSF                                 ;PASSENGER TORSO FIRE
      72                    
      73 000052f0 00005970"         .LONG   P1JMPINL                                ;JUMP IN CAR LEGS
      74 00005310 000059f0"         .LONG   P1JMPINT                                ;JUMP IN CAR TORSO
      75                    
      76 00005330 00005790"         .LONG   P1PILOTL                                ;PILOT LEGS
      77 00005350 000057e0"         .LONG   P1PILOTT                                ;PILOT TORSO
      78                    
      79 00005370 00005880"         .LONG   P1HELPASL                               ;CHOPPER PASSENGER LEGS
      80 00005390 000058d0"         .LONG   P1HELPAST                               ;CHOPPER PASSENGER TORSO
      81                    
      82 000053b0 00005790"         .LONG   P1PILOTL                                ;PILOT LEGS
      83 000053d0 00005830"         .LONG   P1PILOTF                                ;PILOT TORSO FIRE
      84                    
      85 000053f0 00005880"         .LONG   P1HELPASL                               ;CHOPPER PASSENGER LEGS
      86 00005410 00005920"         .LONG   P1HELPASF                               ;CHOPPER PASSENGER TORSO FIRE
      87                    
      88 00005430 00005a70"         .LONG   PHELJMPL                                ;CHOPPER JUMP IN LEGS
      89 00005450 00005af0"         .LONG   PHELJMPT                                ;CHOPPER JUMP IN TORSO
      90                    
      91 00005470           P1STDL                          ;PLAYER STANDING IN PLACE LEGS
      92 00005470 00000000!         .LONG   jlsw4
      93 00005490     0001          .WORD   1
      94 000054a0           DUMSCRIP
      95 000054a0 00000000          .LONG   0
      96                    
      97 000054c0           P1STDT                          ;PLAYER STANDING IN PLACE TORSO
      98 000054c0 00000000!         .LONG   jtsstdrst
      99 000054e0     0001          .WORD   1
     100 000054f0 00000000          .LONG   0
     101                    
     102 00005510           P1SQTL                          ;PLAYER SQUAT IN PLACE LEGS
     103 00005510 00001380"         .LONG   jlssqrst
     104 00005530     0001          .WORD   1
     105 00005540 00000000          .LONG   0
     106                    
     107 00005560           P1SQTT                          ;PLAYER SQUAT IN PLACE TORSO    
     108 00005560 00004680"         .LONG   jtssqrstc
     109 00005580     0001          .WORD   1
     110 00005590 00000000          .LONG   0
     111                    
TMS340 COFF Macro Assembler Version 6.10     Sat Apr 10 02:19:37 2021
 Copyright (c) 1985-1991  Texas Instruments Incorporated 

 <<< N  A  R  C  -- MISCELLANEOUS ANIMATION SCRIPTS >>>              PAGE    3

     112 000055b0           P1DRIVEL
     113 000055b0 00000000!         .LONG   jtdrive1                ;PLAYER DRIVING LEGS
     114 000055d0     0001          .WORD   1
     115 000055e0 00000000          .LONG   0
     116 00005600           P1DRIVET
     117 00005600 00000000!         .LONG   jtdrive1                ;PLAYER DRIVING TORSO
     118 00005620     0001          .WORD   1
     119 00005630 00000000          .LONG   0
     120 00005650           P1DRIVEF
     121 00005650 00000000!         .LONG   jtdrive1                ;PLAYER DRIVING TORSO FIRE
     122 00005670     0007          .WORD   7
     123 00005680 00000000          .LONG   0
     124                    
     125 000056a0           P1PASSL
     126 000056a0 00000000!         .LONG   jtpassen1               ;PLAYER PASSENGER LEGS
     127 000056c0     0001          .WORD   1
     128 000056d0 00000000          .LONG   0
     129 000056f0           P1PASST
     130 000056f0 00000000!         .LONG   jtpassen1               ;PLAYER PASSENGER TORSO
     131 00005710     0001          .WORD   1
     132 00005720 00000000          .LONG   0
     133 00005740           P1PASSF
     134 00005740 00000000!         .LONG   jtpassen1               ;PLAYER PASSENGER TORSO FIRE
     135 00005760     0007          .WORD   7
     136 00005770 00000000          .LONG   0
     137                    
     138 00005790           P1PILOTL
     139 00005790 00000000!         .LONG   jrpilot                 ;PLAYER PILOT LEGS
     140 000057b0     0001          .WORD   1
     141 000057c0 00000000          .LONG   0
     142 000057e0           P1PILOTT
     143 000057e0 00000000!         .LONG   jrpilot                 ;PLAYER PILOT TORSO
     144 00005800     0001          .WORD   1
     145 00005810 00000000          .LONG   0
     146 00005830           P1PILOTF
     147 00005830 00000000!         .LONG   jrpilot                 ;PLAYER PILOT TORSO FIRE
     148 00005850     0007          .WORD   7
     149 00005860 00000000          .LONG   0
     150                    
     151 00005880           P1HELPASL
     152 00005880 00000000!         .LONG   jrhelpas                ;PLAYER CHOPPER PASSENGER LEGS
     153 000058a0     0001          .WORD   1
     154 000058b0 00000000          .LONG   0
     155 000058d0           P1HELPAST
     156 000058d0 00000000!         .LONG   jrhelpas                ;PLAYER CHOPPER PASSENGER TORSO
     157 000058f0     0001          .WORD   1
     158 00005900 00000000          .LONG   0
     159 00005920           P1HELPASF
     160 00005920 00000000!         .LONG   jrhelpas                ;PLAYER CHOPPER PASSENGER TORSO FIRE
     161 00005940     0007          .WORD   7
     162 00005950 00000000          .LONG   0
     163                    
     164 00005970           P1JMPINL                                ;PLAYER ONE JUMP IN CAR LEGS
     165 00005970 00001580"         .LONG   jljucar3
     166 00005990     0005          .WORD   5
TMS340 COFF Macro Assembler Version 6.10     Sat Apr 10 02:19:37 2021
 Copyright (c) 1985-1991  Texas Instruments Incorporated 

 <<< N  A  R  C  -- MISCELLANEOUS ANIMATION SCRIPTS >>>              PAGE    4

     167 000059a0 00001600"         .LONG   jljucar4
     168 000059c0     0005          .WORD   5
     169 000059d0 00000000          .LONG   0
     170                    
     171 000059f0           P1JMPINT                                ;PLAYER ONE JUMP IN CAR TORSO
     172 000059f0 00003d00"         .LONG   jtjucar3
     173 00005a10     0005          .WORD   5
     174 00005a20 00003d80"         .LONG   jtjucar4
     175 00005a40     0005          .WORD   5
     176 00005a50 00000000          .LONG   0
     177                    
     178 00005a70           PHELJMPL                                ;PLAYER JUMP IN CHOPPER LEGS
     179 00005a70 00001480"         .LONG   jljuhel3
     180 00005a90     0005          .WORD   5
     181 00005aa0 00001500"         .LONG   jljuhel4
     182 00005ac0     0005          .WORD   5
     183 00005ad0 00000000          .LONG   0
     184                    
     185 00005af0           PHELJMPT                                ;PLAYER JUMP IN CHOPPER TORSO
     186 00005af0 00003c00"         .LONG   jtjuhel3
     187 00005b10     0005          .WORD   5
     188 00005b20 00003c80"         .LONG   jtjuhel4
     189 00005b40     0005          .WORD   5
     190 00005b50 00000000          .LONG   0
     191                    
     192 00005b70           P1WLLR                          ;PLAYER ONE WALKING LEFT/RIGHT
     193 00005b70 00000000!         .LONG   jlsw4
     194 00005b90     0003          .WORD   3
     195 00005ba0 00000180"         .LONG   jlsw5
     196 00005bc0     0003          .WORD   3
     197 00005bd0 00000200"         .LONG   jlsw6
     198 00005bf0     0003          .WORD   3
     199 00005c00 00000280"         .LONG   jlsw7
     200 00005c20     0003          .WORD   3
     201 00005c30 00000300"         .LONG   jlsw8
     202 00005c50     0003          .WORD   3
     203 00005c60 00000380"         .LONG   jlsw9
     204 00005c80     0003          .WORD   3
     205 00005c90 00000400"         .LONG   jlsw10
     206 00005cb0     0003          .WORD   3
     207 00005cc0 00000480"         .LONG   jlsw11
     208 00005ce0     0003          .WORD   3
     209 00005cf0 00000000"         .LONG   jlsw1
     210 00005d10     0003          .WORD   3
     211 00005d20 00000080"         .LONG   jlsw2
     212 00005d40     0003          .WORD   3
     213 00005d50 00000100"         .LONG   jlsw3
     214 00005d70     0003          .WORD   3
     215 00005d80 00000000          .LONG   0
     216                    
     217 00005da0           P1SWLLR                         ;PLAYER 1 SQUAT WALK L/R
     218 00005da0 00001400"         .LONG   jlssqw1
     219 00005dc0     0004          .WORD   4
     220 00005dd0 00001680"         .LONG   jlssqw2
     221 00005df0     0004          .WORD   4
TMS340 COFF Macro Assembler Version 6.10     Sat Apr 10 02:19:37 2021
 Copyright (c) 1985-1991  Texas Instruments Incorporated 

 <<< N  A  R  C  -- MISCELLANEOUS ANIMATION SCRIPTS >>>              PAGE    5

     222 00005e00 00001700"         .LONG   jlssqw3
     223 00005e20     0004          .WORD   4
     224 00005e30 00001780"         .LONG   jlssqw4
     225 00005e50     0004          .WORD   4
     226 00005e60 00001800"         .LONG   jlssqw5
     227 00005e80     0004          .WORD   4
     228 00005e90 00001880"         .LONG   jlssqw6
     229 00005eb0     0004          .WORD   4
     230 00005ec0 00001900"         .LONG   jlssqw7
     231 00005ee0     0004          .WORD   4
     232 00005ef0 00001980"         .LONG   jlssqw8
     233 00005f10     0004          .WORD   4
     234 00005f20 00000000          .LONG   0
     235                    
     236 00005f40           P1WLUP                          ;PLAYER 1 WALK UP LEGS
     237 00005f40 00000e80"         .LONG   jlbw1
     238 00005f60     0006          .WORD   6
     239 00005f70 00000f00"         .LONG   jlbw2
     240 00005f90     0006          .WORD   6
     241 00005fa0 00000f80"         .LONG   jlbw3
     242 00005fc0     0006          .WORD   6
     243 00005fd0 00001000"         .LONG   jlbw4
     244 00005ff0     0006          .WORD   6
     245 00006000 00001080"         .LONG   jlbw5
     246 00006020     0006          .WORD   6
     247 00006030 00000000          .LONG   0
     248                    
     249 00006050           P1WTUP                          ;PLAYER 1 WALK UP TORSO
     250 00006050 00003700"         .LONG   jtbwrst1
     251 00006070     0001          .WORD   1
     252 00006080 00000000          .LONG   0
     253 000060a0 00003780"         .LONG   jtbwrst2
     254 000060c0     0001          .WORD   1
     255 000060d0 00000000          .LONG   0
     256 000060f0 00003800"         .LONG   jtbwrst3
     257 00006110     0001          .WORD   1
     258 00006120 00000000          .LONG   0
     259 00006140 00003880"         .LONG   jtbwrst4
     260 00006160     0001          .WORD   1
     261 00006170 00000000          .LONG   0
     262 00006190 00003900"         .LONG   jtbwrst5
     263 000061b0     0001          .WORD   1
     264 000061c0 00000000          .LONG   0
     265                    
     266 000061e0           P1WLUPQ                         ;PLAYER 1 WALK UP 3 QUARTER LEGS
     267 000061e0 00000b00"         .LONG   jlqbw1
     268 00006200     0005          .WORD   5
     269 00006210 00000b80"         .LONG   jlqbw2
     270 00006230     0005          .WORD   5
     271 00006240 00000c00"         .LONG   jlqbw3
     272 00006260     0005          .WORD   5
     273 00006270 00000c80"         .LONG   jlqbw4
     274 00006290     0005          .WORD   5
     275 000062a0 00000d00"         .LONG   jlqbw5
     276 000062c0     0005          .WORD   5
TMS340 COFF Macro Assembler Version 6.10     Sat Apr 10 02:19:37 2021
 Copyright (c) 1985-1991  Texas Instruments Incorporated 

 <<< N  A  R  C  -- MISCELLANEOUS ANIMATION SCRIPTS >>>              PAGE    6

     277 000062d0 00000d80"         .LONG   jlqbw6
     278 000062f0     0005          .WORD   5
     279 00006300 00000e00"         .LONG   jlqbw7
     280 00006320     0005          .WORD   5
     281 00006330 00000000          .LONG   0
     282                    
     283 00006350           P1WTUPQ                         ;PLAYER 1 WALK UP 3 QUARTER TORSO
     284 00006350 00003380"         .LONG   jtqbwrst1
     285 00006370     0001          .WORD   1
     286 00006380 00000000          .LONG   0
     287 000063a0 00003400"         .LONG   jtqbwrst2
     288 000063c0     0001          .WORD   1
     289 000063d0 00000000          .LONG   0
     290 000063f0 00003480"         .LONG   jtqbwrst3
     291 00006410     0001          .WORD   1
     292 00006420 00000000          .LONG   0
     293 00006440 00003500"         .LONG   jtqbwrst4
     294 00006460     0001          .WORD   1
     295 00006470 00000000          .LONG   0
     296 00006490 00003580"         .LONG   jtqbwrst5
     297 000064b0     0001          .WORD   1
     298 000064c0 00000000          .LONG   0
     299 000064e0 00003600"         .LONG   jtqbwrst6
     300 00006500     0001          .WORD   1
     301 00006510 00000000          .LONG   0
     302 00006530 00003680"         .LONG   jtqbwrst7
     303 00006550     0001          .WORD   1
     304 00006560 00000000          .LONG   0
     305                    
     306 00006580           P1WLDN                          ;PLAYER 1 WALK DOWN LEGS
     307 00006580 00000880"         .LONG   jlfw1
     308 000065a0     0006          .WORD   6
     309 000065b0 00000900"         .LONG   jlfw2
     310 000065d0     0006          .WORD   6
     311 000065e0 00000980"         .LONG   jlfw3
     312 00006600     0006          .WORD   6
     313 00006610 00000a00"         .LONG   jlfw4
     314 00006630     0006          .WORD   6
     315 00006640 00000a80"         .LONG   jlfw5
     316 00006660     0006          .WORD   6
     317 00006670 00000000          .LONG   0
     318                    
     319 00006690           P1WTDN                          ;PLAYER 1 WALK UP TORSO
     320 00006690 00003100"         .LONG   jtfwrst1
     321 000066b0     0001          .WORD   1
     322 000066c0 00000000          .LONG   0
     323 000066e0 00003180"         .LONG   jtfwrst2
     324 00006700     0001          .WORD   1
     325 00006710 00000000          .LONG   0
     326 00006730 00003200"         .LONG   jtfwrst3
     327 00006750     0001          .WORD   1
     328 00006760 00000000          .LONG   0
     329 00006780 00003280"         .LONG   jtfwrst4
     330 000067a0     0001          .WORD   1
     331 000067b0 00000000          .LONG   0
TMS340 COFF Macro Assembler Version 6.10     Sat Apr 10 02:19:37 2021
 Copyright (c) 1985-1991  Texas Instruments Incorporated 

 <<< N  A  R  C  -- MISCELLANEOUS ANIMATION SCRIPTS >>>              PAGE    7

     332 000067d0 00003300"         .LONG   jtfwrst5
     333 000067f0     0001          .WORD   1
     334 00006800 00000000          .LONG   0
     335                    
     336 00006820           P1WLDNQ                         ;PLAYER 1 WALK DOWN 3 QUARTER LEGS
     337 00006820 00000500"         .LONG   jlqfw1
     338 00006840     0005          .WORD   5
     339 00006850 00000580"         .LONG   jlqfw2
     340 00006870     0005          .WORD   5
     341 00006880 00000600"         .LONG   jlqfw3
     342 000068a0     0005          .WORD   5
     343 000068b0 00000680"         .LONG   jlqfw4
     344 000068d0     0005          .WORD   5
     345 000068e0 00000700"         .LONG   jlqfw5
     346 00006900     0005          .WORD   5
     347 00006910 00000780"         .LONG   jlqfw6
     348 00006930     0005          .WORD   5
     349 00006940 00000800"         .LONG   jlqfw7
     350 00006960     0005          .WORD   5
     351 00006970 00000000          .LONG   0
     352                    
     353 00006990           P1WTDNQ                         ;PLAYER 1 WALK DOWN 3 QUARTER TORSO
     354 00006990 00002d80"         .LONG   jtqfwrst1
     355 000069b0     0001          .WORD   1
     356 000069c0 00000000          .LONG   0
     357 000069e0 00002e00"         .LONG   jtqfwrst2
     358 00006a00     0001          .WORD   1
     359 00006a10 00000000          .LONG   0
     360 00006a30 00002e80"         .LONG   jtqfwrst3
     361 00006a50     0001          .WORD   1
     362 00006a60 00000000          .LONG   0
     363 00006a80 00002f00"         .LONG   jtqfwrst4
     364 00006aa0     0001          .WORD   1
     365 00006ab0 00000000          .LONG   0
     366 00006ad0 00002f80"         .LONG   jtqfwrst5
     367 00006af0     0001          .WORD   1
     368 00006b00 00000000          .LONG   0
     369 00006b20 00003000"         .LONG   jtqfwrst6
     370 00006b40     0001          .WORD   1
     371 00006b50 00000000          .LONG   0
     372 00006b70 00003080"         .LONG   jtqfwrst7
     373 00006b90     0001          .WORD   1
     374 00006ba0 00000000          .LONG   0
     375                    
     376 00006bc0           P1WTLR                          ;WALK TORSO L/R
     377 00006bc0 00002980"         .LONG   jtswrst4
     378 00006be0     0001          .WORD   1
     379 00006bf0 00000000          .LONG   0
     380 00006c10 00002a00"         .LONG   jtswrst5
     381 00006c30     0001          .WORD   1
     382 00006c40 00000000          .LONG   0
     383 00006c60 00002a80"         .LONG   jtswrst6
     384 00006c80     0001          .WORD   1
     385 00006c90 00000000          .LONG   0
     386 00006cb0 00002b00"         .LONG   jtswrst7
TMS340 COFF Macro Assembler Version 6.10     Sat Apr 10 02:19:37 2021
 Copyright (c) 1985-1991  Texas Instruments Incorporated 

 <<< N  A  R  C  -- MISCELLANEOUS ANIMATION SCRIPTS >>>              PAGE    8

     387 00006cd0     0001          .WORD   1
     388 00006ce0 00000000          .LONG   0
     389 00006d00 00002b80"         .LONG   jtswrst8
     390 00006d20     0001          .WORD   1
     391 00006d30 00000000          .LONG   0
     392 00006d50 00002c00"         .LONG   jtswrst9
     393 00006d70     0001          .WORD   1
     394 00006d80 00000000          .LONG   0
     395 00006da0 00002c80"         .LONG   jtswrst10
     396 00006dc0     0001          .WORD   1
     397 00006dd0 00000000          .LONG   0
     398 00006df0 00002d00"         .LONG   jtswrst11
     399 00006e10     0001          .WORD   1
     400 00006e20 00000000          .LONG   0
     401 00006e40 00002800"         .LONG   jtswrst1
     402 00006e60     0001          .WORD   1
     403 00006e70 00000000          .LONG   0
     404 00006e90 00002880"         .LONG   jtswrst2
     405 00006eb0     0001          .WORD   1
     406 00006ec0 00000000          .LONG   0
     407 00006ee0 00002900"         .LONG   jtswrst3
     408 00006f00     0001          .WORD   1
     409 00006f10 00000000          .LONG   0
     410                            
     411 00006f30           P1SWTLR                         ;SQUAT WALK TORSO L/R
     412 00006f30 00004600"         .LONG   jtssqrst
     413 00006f50     0001          .WORD   1
     414 00006f60 00000000          .LONG   0
     415 00006f80 00004600"         .LONG   jtssqrst
     416 00006fa0     0001          .WORD   1
     417 00006fb0 00000000          .LONG   0
     418 00006fd0 00004600"         .LONG   jtssqrst
     419 00006ff0     0001          .WORD   1
     420 00007000 00000000          .LONG   0
     421 00007020 00004600"         .LONG   jtssqrst
     422 00007040     0001          .WORD   1
     423 00007050 00000000          .LONG   0
     424 00007070 00004600"         .LONG   jtssqrst
     425 00007090     0001          .WORD   1
     426 000070a0 00000000          .LONG   0
     427 000070c0 00004600"         .LONG   jtssqrst
     428 000070e0     0001          .WORD   1
     429 000070f0 00000000          .LONG   0
     430 00007110 00004600"         .LONG   jtssqrst
     431 00007130     0001          .WORD   1
     432 00007140 00000000          .LONG   0
     433 00007160 00004600"         .LONG   jtssqrst
     434 00007180     0001          .WORD   1
     435 00007190 00000000          .LONG   0
     436                    
     437 000071b0           P1FTLR                          ;WALK SHOOT L/R
     438 000071b0 00003e00"         .LONG   jtswshgs1
     439 000071d0     ffff          .WORD   -1,34,-3,32
     440 00007210 00003e00"         .LONG   jtswshgs1
     441 00007230     0001          .WORD   1
TMS340 COFF Macro Assembler Version 6.10     Sat Apr 10 02:19:37 2021
 Copyright (c) 1985-1991  Texas Instruments Incorporated 

 <<< N  A  R  C  -- MISCELLANEOUS ANIMATION SCRIPTS >>>              PAGE    9

     442 00007240 00003e80"         .LONG   jtswshgs2
     443 00007260     0001          .WORD   1
     444 00007270 00003e80"         .LONG   jtswshgs2
     445 00007290     0001          .WORD   1
     446 000072a0 00003e80"         .LONG   jtswshgs2
     447 000072c0     0001          .WORD   1
     448 000072d0 00000000          .LONG   0
     449                    
     450 000072f0           P1RBTLR                         ;WALK FIRE ROCKET BOMB L/R
     451 000072f0 00004000"         .LONG   jtswshms1
     452 00007310     fff4          .WORD   -12,29,7,32
     453 00007350 00004080"         .LONG   jtswshms2
     454 00007370     0001          .WORD   1
     455 00007380 00004080"         .LONG   jtswshms2
     456 000073a0     0001          .WORD   1
     457 000073b0 00004080"         .LONG   jtswshms2
     458 000073d0     0001          .WORD   1
     459 000073e0 00000000          .LONG   0
     460                    
     461 00007400           P1FLSTD                         ;STANDING IN PLACE FIRE LEGS
     462 00007400 00001a00"         .LONG   jlsstd
     463 00007420     0003          .WORD   3
     464 00007430 00001a00"         .LONG   jlsstd
     465 00007450     0004          .WORD   4
     466 00007460 00000000          .LONG   0
     467                    
     468 00007480           P1FTSTD                         ;STAND IN PLACE FIRE L/R TORSO 
     469 00007480 00003f00"         .LONG   jtswshgs1c
     470 000074a0     ffff          .WORD   -1,34,-3,32
     471 000074e0 00003f00"         .LONG   jtswshgs1c
     472 00007500     0001          .WORD   1
     473 00007510 00003f80"         .LONG   jtswshgs2c
     474 00007530     0001          .WORD   1
     475 00007540 00003f80"         .LONG   jtswshgs2c
     476 00007560     0001          .WORD   1
     477 00007570 00003f80"         .LONG   jtswshgs2c
     478 00007590     0001          .WORD   1
     479 000075a0 00000000          .LONG   0
     480                    
     481 000075c0           P1RBLSTD                        ;STANDING IN PLACE ROCKET BOMB L/R LEGS
     482 000075c0 00001a00"         .LONG   jlsstd
     483 000075e0     000c          .WORD   12
     484 000075f0 00001a00"         .LONG   jlsstd
     485 00007610     0004          .WORD   4
     486 00007620 00000000          .LONG   0
     487                    
     488 00007640           P1RBTSTD                        ;STAND IN PLACE FIRE ROCKET BOMB L/R TORSO
     489 00007640 00004100"         .LONG   jtswshms1c
     490 00007660     fff4          .WORD   -12,29,7,32
     491 000076a0 00004180"         .LONG   jtswshms2c
     492 000076c0     0001          .WORD   1
     493 000076d0 00004180"         .LONG   jtswshms2c
     494 000076f0     0001          .WORD   1
     495 00007700 00004180"         .LONG   jtswshms2c
     496 00007720     0001          .WORD   1
TMS340 COFF Macro Assembler Version 6.10     Sat Apr 10 02:19:37 2021
 Copyright (c) 1985-1991  Texas Instruments Incorporated 

 <<< N  A  R  C  -- MISCELLANEOUS ANIMATION SCRIPTS >>>              PAGE   10

     497 00007730 00000000          .LONG   0
     498                    
     499 00007750           P1FTUP                          ;WALK UP SHOOT TORSO
     500 00007750 00002080"         .LONG   jtbwshgs1
     501 00007770     ffff          .WORD   -1,25,-4,32
     502 000077b0 00002080"         .LONG   jtbwshgs1
     503 000077d0     0001          .WORD   1
     504 000077e0 00002100"         .LONG   jtbwshgs2
     505 00007800     0001          .WORD   1
     506 00007810 00002100"         .LONG   jtbwshgs2
     507 00007830     0001          .WORD   1
     508 00007840 00002100"         .LONG   jtbwshgs2
     509 00007860     0001          .WORD   1
     510 00007870 00000000          .LONG   0
     511                    
     512 00007890           P1RBTUP                         ;WALK UP SHOOT ROCKET BOMB TORSO
     513 00007890 00002180"         .LONG   jtbwshms1
     514 000078b0     fff4          .WORD   -12,25,6,32
     515 000078f0 00002200"         .LONG   jtbwshms2
     516 00007910     0001          .WORD   1
     517 00007920 00002200"         .LONG   jtbwshms2
     518 00007940     0001          .WORD   1
     519 00007950 00002200"         .LONG   jtbwshms2
     520 00007970     0001          .WORD   1
     521 00007980 00002200"         .LONG   jtbwshms2
     522 000079a0     0001          .WORD   1
     523 000079b0 00000000          .LONG   0
     524                    
     525 000079d0           P1FTDN                          ;WALK DOWN SHOOT TORSO
     526 000079d0 00001c80"         .LONG   jtfwshgs1
     527 000079f0     ffff          .WORD   -1,29,-2,32
     528 00007a30 00001c80"         .LONG   jtfwshgs1
     529 00007a50     0001          .WORD   1
     530 00007a60 00001d00"         .LONG   jtfwshgs2
     531 00007a80     0001          .WORD   1
     532 00007a90 00001d00"         .LONG   jtfwshgs2
     533 00007ab0     0001          .WORD   1
     534 00007ac0 00001d00"         .LONG   jtfwshgs2
     535 00007ae0     0001          .WORD   1
     536 00007af0 00000000          .LONG   0
     537                    
     538 00007b10           P1RBTDN                         ;WALK DOWN ROCKET BOMB TORSO
     539 00007b10 00001d80"         .LONG   jtfwshms1
     540 00007b30     fff4          .WORD   -12,20,1,32
     541 00007b70 00001e00"         .LONG   jtfwshms2
     542 00007b90     0001          .WORD   1
     543 00007ba0 00001e00"         .LONG   jtfwshms2
     544 00007bc0     0001          .WORD   1
     545 00007bd0 00001e00"         .LONG   jtfwshms2
     546 00007bf0     0001          .WORD   1
     547 00007c00 00000000          .LONG   0
     548                    
     549 00007c20           P1FTUPQ                         ;WALK UP 3 QUARTER SHOOT TORSO
     550 00007c20 00001e80"         .LONG   jtqbwshgs1
     551 00007c40     ffff          .WORD   -1,25,-4,32
TMS340 COFF Macro Assembler Version 6.10     Sat Apr 10 02:19:37 2021
 Copyright (c) 1985-1991  Texas Instruments Incorporated 

 <<< N  A  R  C  -- MISCELLANEOUS ANIMATION SCRIPTS >>>              PAGE   11

     552 00007c80 00001e80"         .LONG   jtqbwshgs1
     553 00007ca0     0001          .WORD   1
     554 00007cb0 00001f00"         .LONG   jtqbwshgs2
     555 00007cd0     0001          .WORD   1
     556 00007ce0 00001f00"         .LONG   jtqbwshgs2
     557 00007d00     0001          .WORD   1
     558 00007d10 00001f00"         .LONG   jtqbwshgs2
     559 00007d30     0001          .WORD   1
     560 00007d40 00000000          .LONG   0
     561                    
     562 00007d60           P1RBTUPQ                        ;WALK UP 3Q ROCKET BOMB TORSO
     563 00007d60 00001f80"         .LONG   jtqbwshms1
     564 00007d80     fff4          .WORD   -12,31,5,32
     565 00007dc0 00002000"         .LONG   jtqbwshms2
     566 00007de0     0001          .WORD   1
     567 00007df0 00002000"         .LONG   jtqbwshms2
     568 00007e10     0001          .WORD   1
     569 00007e20 00002000"         .LONG   jtqbwshms2
     570 00007e40     0001          .WORD   1
     571 00007e50 00000000          .LONG   0
     572                    
     573 00007e70           P1FTDNQ                         ;WALK DOWN 3/4 SHOOT TORSO
     574 00007e70 00001a80"         .LONG   jtqfwshgs1
     575 00007e90     ffff          .WORD   -1,32,-6,32
     576 00007ed0 00001a80"         .LONG   jtqfwshgs1
     577 00007ef0     0001          .WORD   1
     578 00007f00 00001b00"         .LONG   jtqfwshgs2
     579 00007f20     0001          .WORD   1
     580 00007f30 00001b00"         .LONG   jtqfwshgs2
     581 00007f50     0001          .WORD   1
     582 00007f60 00001b00"         .LONG   jtqfwshgs2
     583 00007f80     0001          .WORD   1
     584 00007f90 00000000          .LONG   0
     585                    
     586 00007fb0           P1RBTDNQ                        ;WALK DOWN 3/4 ROCKET BOMB TORSO
     587 00007fb0 00001b80"         .LONG   jtqfwshms1
     588 00007fd0     fff4          .WORD   -12,23,-1,32
     589 00008010 00001c00"         .LONG   jtqfwshms2
     590 00008030     0001          .WORD   1
     591 00008040 00001c00"         .LONG   jtqfwshms2
     592 00008060     0001          .WORD   1
     593 00008070 00001c00"         .LONG   jtqfwshms2
     594 00008090     0001          .WORD   1
     595 000080a0 00000000          .LONG   0
     596                    
     597 000080c0           P1SFTLR                         ;SQUAT WALK SHOOT L/R
     598 000080c0 00004200"         .LONG   jtssqshg1
     599 000080e0     ffff          .WORD   -1,30,5,32
     600 00008120 00004200"         .LONG   jtssqshg1
     601 00008140     0001          .WORD   1
     602 00008150 00004280"         .LONG   jtssqshg2
     603 00008170     0001          .WORD   1
     604 00008180 00004280"         .LONG   jtssqshg2
     605 000081a0     0001          .WORD   1
     606 000081b0 00004280"         .LONG   jtssqshg2
TMS340 COFF Macro Assembler Version 6.10     Sat Apr 10 02:19:37 2021
 Copyright (c) 1985-1991  Texas Instruments Incorporated 

 <<< N  A  R  C  -- MISCELLANEOUS ANIMATION SCRIPTS >>>              PAGE   12

     607 000081d0     0001          .WORD   1
     608 000081e0 00000000          .LONG   0
     609                    
     610 00008200           P1SRBTLR                        ;SQUAT WALK ROCKET BOMB L/R
     611 00008200 00004400"         .LONG   jtssqshm1
     612 00008220     fff4          .WORD   -12,26,9,32
     613 00008260 00004480"         .LONG   jtssqshm2
     614 00008280     0001          .WORD   1
     615 00008290 00004480"         .LONG   jtssqshm2
     616 000082b0     0001          .WORD   1
     617 000082c0 00004480"         .LONG   jtssqshm2
     618 000082e0     0001          .WORD   1
     619 000082f0 00000000          .LONG   0
     620                    
     621 00008310           P1SQFLR                         ;SQUAT REST SHOOT L/R
     622 00008310 00004300"         .LONG   jtssqshg1c
     623 00008330     ffff          .WORD   -1,30,5,32
     624 00008370 00004300"         .LONG   jtssqshg1c
     625 00008390     0001          .WORD   1
     626 000083a0 00004380"         .LONG   jtssqshg2c
     627 000083c0     0001          .WORD   1
     628 000083d0 00004380"         .LONG   jtssqshg2c
     629 000083f0     0001          .WORD   1
     630 00008400 00004380"         .LONG   jtssqshg2c
     631 00008420     0001          .WORD   1
     632 00008430 00000000          .LONG   0
     633                    
     634 00008450           P1SQRBLR                        ;SQUAT REST ROCKET BOMB L/R
     635 00008450 00004500"         .LONG   jtssqshm1c
     636 00008470     fff4          .WORD   -12,26,9,32
     637 000084b0 00004580"         .LONG   jtssqshm2c
     638 000084d0     0001          .WORD   1
     639 000084e0 00004580"         .LONG   jtssqshm2c
     640 00008500     0001          .WORD   1
     641 00008510 00004580"         .LONG   jtssqshm2c
     642 00008530     0001          .WORD   1
     643 00008540 00000000          .LONG   0
     644                    
     645 00008560           P1JFTLR1                        ;JUMP SHOOT L/R
     646 00008560 00002280"         .LONG   jtjushg1
     647 00008580     ffff          .WORD   -1,32,-3,32
     648 000085c0 00002280"         .LONG   jtjushg1
     649 000085e0     0001          .WORD   1
     650 000085f0 00002300"         .LONG   jtjushg2
     651 00008610     0001          .WORD   1
     652 00008620 00002300"         .LONG   jtjushg2
     653 00008640     0001          .WORD   1
     654 00008650 00002300"         .LONG   jtjushg2
     655 00008670     0001          .WORD   1
     656 00008680 00000000          .LONG   0
     657                    
     658 000086a0           P1JFTLR2                        ;JUMP SHOOT L/R
     659 000086a0 00002280"         .LONG   jtjushg1
     660 000086c0     ffff          .WORD   -1,32,-3,32
     661 00008700 00002280"         .LONG   jtjushg1
TMS340 COFF Macro Assembler Version 6.10     Sat Apr 10 02:19:37 2021
 Copyright (c) 1985-1991  Texas Instruments Incorporated 

 <<< N  A  R  C  -- MISCELLANEOUS ANIMATION SCRIPTS >>>              PAGE   13

     662 00008720     0001          .WORD   1
     663 00008730 00002300"         .LONG   jtjushg2
     664 00008750     0001          .WORD   1
     665 00008760 00002300"         .LONG   jtjushg2
     666 00008780     0001          .WORD   1
     667 00008790 00002300"         .LONG   jtjushg2
     668 000087b0     0001          .WORD   1
     669 000087c0 00000000          .LONG   0
     670                    
     671 000087e0           P1JFTLR3                        ;JUMP SHOOT L/R
     672 000087e0 00002280"         .LONG   jtjushg1
     673 00008800     ffff          .WORD   -1,32,-3,32
     674 00008840 00002280"         .LONG   jtjushg1
     675 00008860     0001          .WORD   1
     676 00008870 00002300"         .LONG   jtjushg2
     677 00008890     0001          .WORD   1
     678 000088a0 00002300"         .LONG   jtjushg2
     679 000088c0     0001          .WORD   1
     680 000088d0 00002300"         .LONG   jtjushg2
     681 000088f0     0001          .WORD   1
     682 00008900 00000000          .LONG   0
     683                    
     684 00008920           P1JFTLR4                        ;JUMP SHOOT L/R
     685 00008920 00002280"         .LONG   jtjushg1
     686 00008940     ffff          .WORD   -1,32,-3,32
     687 00008980 00002280"         .LONG   jtjushg1
     688 000089a0     0001          .WORD   1
     689 000089b0 00002300"         .LONG   jtjushg2
     690 000089d0     0001          .WORD   1
     691 000089e0 00002300"         .LONG   jtjushg2
     692 00008a00     0001          .WORD   1
     693 00008a10 00002300"         .LONG   jtjushg2
     694 00008a30     0001          .WORD   1
     695 00008a40 00000000          .LONG   0
     696                    
     697 00008a60           P1JRTLR1                        ;JUMP SHOOT L/R
     698 00008a60 00002380"         .LONG   jtjushm1
     699 00008a80     ffff          .WORD   -1,27,11,32
     700 00008ac0 00002380"         .LONG   jtjushm1
     701 00008ae0     0001          .WORD   1
     702 00008af0 00002400"         .LONG   jtjushm2
     703 00008b10     0001          .WORD   1
     704 00008b20 00002400"         .LONG   jtjushm2
     705 00008b40     0001          .WORD   1
     706 00008b50 00002400"         .LONG   jtjushm2
     707 00008b70     0001          .WORD   1
     708 00008b80 00000000          .LONG   0
     709                    
     710 00008ba0           P1JRTLR2                        ;JUMP SHOOT L/R
     711 00008ba0 00002380"         .LONG   jtjushm1
     712 00008bc0     ffff          .WORD   -1,27,11,32
     713 00008c00 00002380"         .LONG   jtjushm1
     714 00008c20     0001          .WORD   1
     715 00008c30 00002400"         .LONG   jtjushm2
     716 00008c50     0001          .WORD   1
TMS340 COFF Macro Assembler Version 6.10     Sat Apr 10 02:19:37 2021
 Copyright (c) 1985-1991  Texas Instruments Incorporated 

 <<< N  A  R  C  -- MISCELLANEOUS ANIMATION SCRIPTS >>>              PAGE   14

     717 00008c60 00002400"         .LONG   jtjushm2
     718 00008c80     0001          .WORD   1
     719 00008c90 00002400"         .LONG   jtjushm2
     720 00008cb0     0001          .WORD   1
     721 00008cc0 00000000          .LONG   0
     722                    
     723 00008ce0           P1JRTLR3                        ;JUMP SHOOT L/R
     724 00008ce0 00002380"         .LONG   jtjushm1
     725 00008d00     ffff          .WORD   -1,27,11,32
     726 00008d40 00002380"         .LONG   jtjushm1
     727 00008d60     0001          .WORD   1
     728 00008d70 00002400"         .LONG   jtjushm2
     729 00008d90     0001          .WORD   1
     730 00008da0 00002400"         .LONG   jtjushm2
     731 00008dc0     0001          .WORD   1
     732 00008dd0 00002400"         .LONG   jtjushm2
     733 00008df0     0001          .WORD   1
     734 00008e00 00000000          .LONG   0
     735                    
     736 00008e20           P1JRTLR4                        ;JUMP SHOOT L/R
     737 00008e20 00002380"         .LONG   jtjushm1
     738 00008e40     ffff          .WORD   -1,27,11,32
     739 00008e80 00002380"         .LONG   jtjushm1
     740 00008ea0     0001          .WORD   1
     741 00008eb0 00002400"         .LONG   jtjushm2
     742 00008ed0     0001          .WORD   1
     743 00008ee0 00002400"         .LONG   jtjushm2
     744 00008f00     0001          .WORD   1
     745 00008f10 00002400"         .LONG   jtjushm2
     746 00008f30     0001          .WORD   1
     747 00008f40 00000000          .LONG   0
     748                    
     749 00008f60           P1JLLR                          ;PLAYER ONE JUMP L/R LEGS
     750 00008f60 00001100"         .LONG   jlju1
     751 00008f80     0004          .WORD   4
     752 00008f90 00000000          .LONG   0               ;TAKE OFF BREAK POINT
     753 00008fb0           P1JTLR                          ;PLAYER 1 JUMP L/R TORSO
     754 00008fb0 00003980"         .LONG   jtju1
     755 00008fd0     0004          .WORD   4
     756 00008fe0 00000000          .LONG   0               ;TAKE OFF BREAK POINT
     757                    
     758 00009000           P1JLLR1
     759 00009000 00001180"         .LONG   jlju2
     760 00009020     0001          .WORD   1
     761 00009030 00000000          .LONG   0
     762 00009050           P1JTLR1
     763 00009050 00003a00"         .LONG   jtju2
     764 00009070     0001          .WORD   1
     765 00009080 00000000          .LONG   0
     766                    
     767 000090a0           P1JLLR2
     768 000090a0 00001200"         .LONG   jlju3
     769 000090c0     0001          .WORD   1
     770 000090d0 00000000          .LONG   0
     771                    
TMS340 COFF Macro Assembler Version 6.10     Sat Apr 10 02:19:37 2021
 Copyright (c) 1985-1991  Texas Instruments Incorporated 

 <<< N  A  R  C  -- MISCELLANEOUS ANIMATION SCRIPTS >>>              PAGE   15

     772 000090f0           P1JTLR2
     773 000090f0 00003a80"         .LONG   jtju3   
     774 00009110     0001          .WORD   1
     775 00009120 00000000          .LONG   0
     776                    
     777 00009140           P1JLLR3
     778 00009140 00001280"         .LONG   jlju4
     779 00009160     0001          .WORD   1
     780 00009170 00000000          .LONG   0
     781 00009190           P1JTLR3
     782 00009190 00003b00"         .LONG   jtju4
     783 000091b0     0001          .WORD   1
     784 000091c0 00000000          .LONG   0
     785                    
     786 000091e0           P1JLLR4
     787 000091e0 00001300"         .LONG   jlju5
     788 00009200     0001          .WORD   1
     789 00009210 00000000          .LONG   0
     790 00009230           P1JTLR4
     791 00009230 00003b80"         .LONG   jtju5
     792 00009250     0001          .WORD   1
     793 00009260 00000000          .LONG   0
     794                    
     795 00009280           P1SHAKE                                 ;PLAYER 1 HIT BY BULLET
     796 00009280 00002480"         .LONG   comdb1
     797 000092a0     0005          .WORD   5
     798 000092b0 00002500"         .LONG   comdb2
     799 000092d0     0005          .WORD   5
     800 000092e0 00000000          .LONG   0
     801                    
     802 00009300           P1DIE                                   ;PLAYER 1 DEATH, OUT OF ENERGY
     803 00009300 00002480"         .LONG   comdb1
     804 00009320     0004          .WORD   4
     805 00009330 00002500"         .LONG   comdb2  
     806 00009350     0004          .WORD   4
     807 00009360 00002580"         .LONG   comdb3
     808 00009380     0004          .WORD   4
     809 00009390 00002600"         .LONG   comdb4
     810 000093b0     0004          .WORD   4
     811 000093c0 00002680"         .LONG   comdb5
     812 000093e0     0004          .WORD   4
     813 000093f0 00002700"         .LONG   comdb6
     814 00009410     0004          .WORD   4
     815 00009420 00002780"         .LONG   comdb7
     816 00009440     0004          .WORD   4
     817 00009450 00000000          .LONG   0
     818                    
     819 00009470           P1CHIT                                  ;PLAYER 1 RUN-OVER BY CAR
     820 00009470 00002480"         .LONG   comdb1
     821 00009490     0004          .WORD   4
     822 000094a0 00002500"         .LONG   comdb2
     823 000094c0     0004          .WORD   4
     824 000094d0 00002580"         .LONG   comdb3
     825 000094f0     0004          .WORD   4
     826 00009500 00002600"         .LONG   comdb4
TMS340 COFF Macro Assembler Version 6.10     Sat Apr 10 02:19:37 2021
 Copyright (c) 1985-1991  Texas Instruments Incorporated 

 <<< N  A  R  C  -- MISCELLANEOUS ANIMATION SCRIPTS >>>              PAGE   16

     827 00009520     0004          .WORD   4
     828 00009530 00002680"         .LONG   comdb5
     829 00009550     0004          .WORD   4
     830 00009560 00002700"         .LONG   comdb6
     831 00009580     0004          .WORD   4
     832 00009590 00002780"         .LONG   comdb7
     833 000095b0     0004          .WORD   4
     834 000095c0                   LONGNULL
     835 000095e0                   .EVEN
     836                    
     837                            .END

 No Errors,  No Warnings
